{"c:\\TANGJ15\\code\\userscripts\\auto-close-youtube-ads\\auto-close-youtube-ads.user.js":{"path":"c:\\TANGJ15\\code\\userscripts\\auto-close-youtube-ads\\auto-close-youtube-ads.user.js","statementMap":{"0":{"start":{"line":22,"column":12},"end":{"line":39,"column":1}},"1":{"start":{"line":41,"column":13},"end":{"line":69,"column":1}},"2":{"start":{"line":42,"column":20},"end":{"line":42,"column":97}},"3":{"start":{"line":44,"column":4},"end":{"line":46,"column":5}},"4":{"start":{"line":45,"column":6},"end":{"line":45,"column":81}},"5":{"start":{"line":47,"column":4},"end":{"line":47,"column":20}},"6":{"start":{"line":50,"column":17},"end":{"line":50,"column":73}},"7":{"start":{"line":50,"column":35},"end":{"line":50,"column":66}},"8":{"start":{"line":51,"column":4},"end":{"line":51,"column":15}},"9":{"start":{"line":54,"column":4},"end":{"line":57,"column":5}},"10":{"start":{"line":55,"column":20},"end":{"line":55,"column":45}},"11":{"start":{"line":56,"column":6},"end":{"line":56,"column":72}},"12":{"start":{"line":58,"column":4},"end":{"line":58,"column":27}},"13":{"start":{"line":61,"column":4},"end":{"line":61,"column":99}},"14":{"start":{"line":63,"column":4},"end":{"line":63,"column":94}},"15":{"start":{"line":64,"column":25},"end":{"line":64,"column":67}},"16":{"start":{"line":65,"column":26},"end":{"line":65,"column":83}},"17":{"start":{"line":66,"column":21},"end":{"line":66,"column":64}},"18":{"start":{"line":68,"column":4},"end":{"line":68,"column":84}},"19":{"start":{"line":71,"column":20},"end":{"line":71,"column":44}},"20":{"start":{"line":72,"column":28},"end":{"line":72,"column":33}},"21":{"start":{"line":73,"column":14},"end":{"line":73,"column":16}},"22":{"start":{"line":74,"column":16},"end":{"line":74,"column":21}},"23":{"start":{"line":76,"column":15},"end":{"line":127,"column":2}},"24":{"start":{"line":129,"column":22},"end":{"line":129,"column":23}},"25":{"start":{"line":130,"column":11},"end":{"line":130,"column":24}},"26":{"start":{"line":132,"column":0},"end":{"line":132,"column":35}},"27":{"start":{"line":132,"column":24},"end":{"line":132,"column":34}},"28":{"start":{"line":137,"column":2},"end":{"line":160,"column":3}},"29":{"start":{"line":138,"column":4},"end":{"line":138,"column":96}},"30":{"start":{"line":139,"column":4},"end":{"line":139,"column":30}},"31":{"start":{"line":140,"column":4},"end":{"line":159,"column":5}},"32":{"start":{"line":142,"column":24},"end":{"line":146,"column":9}},"33":{"start":{"line":148,"column":8},"end":{"line":148,"column":66}},"34":{"start":{"line":148,"column":36},"end":{"line":148,"column":66}},"35":{"start":{"line":149,"column":8},"end":{"line":149,"column":66}},"36":{"start":{"line":149,"column":36},"end":{"line":149,"column":66}},"37":{"start":{"line":150,"column":8},"end":{"line":151,"column":76}},"38":{"start":{"line":151,"column":10},"end":{"line":151,"column":76}},"39":{"start":{"line":153,"column":8},"end":{"line":153,"column":24}},"40":{"start":{"line":155,"column":8},"end":{"line":156,"column":9}},"41":{"start":{"line":156,"column":9},"end":{"line":156,"column":66}},"42":{"start":{"line":157,"column":8},"end":{"line":157,"column":13}},"43":{"start":{"line":162,"column":0},"end":{"line":162,"column":15}},"44":{"start":{"line":165,"column":15},"end":{"line":165,"column":44}},"45":{"start":{"line":166,"column":2},"end":{"line":169,"column":3}},"46":{"start":{"line":170,"column":2},"end":{"line":170,"column":13}},"47":{"start":{"line":173,"column":18},"end":{"line":173,"column":40}},"48":{"start":{"line":174,"column":2},"end":{"line":174,"column":28}},"49":{"start":{"line":175,"column":2},"end":{"line":175,"column":32}},"50":{"start":{"line":176,"column":2},"end":{"line":176,"column":48}},"51":{"start":{"line":177,"column":2},"end":{"line":177,"column":40}},"52":{"start":{"line":177,"column":19},"end":{"line":177,"column":35}},"53":{"start":{"line":181,"column":19},"end":{"line":181,"column":48}},"54":{"start":{"line":182,"column":19},"end":{"line":182,"column":79}},"55":{"start":{"line":183,"column":2},"end":{"line":201,"column":3}},"56":{"start":{"line":183,"column":60},"end":{"line":183,"column":83}},"57":{"start":{"line":184,"column":24},"end":{"line":184,"column":42}},"58":{"start":{"line":185,"column":20},"end":{"line":185,"column":45}},"59":{"start":{"line":186,"column":4},"end":{"line":186,"column":37}},"60":{"start":{"line":186,"column":19},"end":{"line":186,"column":37}},"61":{"start":{"line":187,"column":4},"end":{"line":187,"column":38}},"62":{"start":{"line":188,"column":4},"end":{"line":188,"column":37}},"63":{"start":{"line":189,"column":4},"end":{"line":189,"column":82}},"64":{"start":{"line":190,"column":4},"end":{"line":197,"column":5}},"65":{"start":{"line":191,"column":6},"end":{"line":191,"column":32}},"66":{"start":{"line":192,"column":6},"end":{"line":192,"column":22}},"67":{"start":{"line":193,"column":6},"end":{"line":193,"column":24}},"68":{"start":{"line":194,"column":25},"end":{"line":194,"column":40}},"69":{"start":{"line":195,"column":28},"end":{"line":195,"column":46}},"70":{"start":{"line":196,"column":6},"end":{"line":196,"column":98}},"71":{"start":{"line":196,"column":80},"end":{"line":196,"column":98}},"72":{"start":{"line":198,"column":4},"end":{"line":198,"column":29}},"73":{"start":{"line":200,"column":4},"end":{"line":200,"column":93}},"74":{"start":{"line":205,"column":29},"end":{"line":209,"column":30}},"75":{"start":{"line":209,"column":16},"end":{"line":209,"column":29}},"76":{"start":{"line":210,"column":2},"end":{"line":210,"column":33}},"77":{"start":{"line":211,"column":2},"end":{"line":211,"column":36}},"78":{"start":{"line":214,"column":22},"end":{"line":214,"column":50}},"79":{"start":{"line":214,"column":28},"end":{"line":214,"column":50}},"80":{"start":{"line":215,"column":25},"end":{"line":215,"column":56}},"81":{"start":{"line":215,"column":31},"end":{"line":215,"column":56}},"82":{"start":{"line":216,"column":16},"end":{"line":216,"column":43}},"83":{"start":{"line":216,"column":21},"end":{"line":216,"column":43}},"84":{"start":{"line":219,"column":2},"end":{"line":219,"column":19}},"85":{"start":{"line":219,"column":11},"end":{"line":219,"column":19}},"86":{"start":{"line":220,"column":15},"end":{"line":220,"column":45}},"87":{"start":{"line":221,"column":2},"end":{"line":221,"column":47}},"88":{"start":{"line":225,"column":2},"end":{"line":225,"column":19}},"89":{"start":{"line":226,"column":2},"end":{"line":302,"column":3}},"90":{"start":{"line":230,"column":8},"end":{"line":230,"column":37}},"91":{"start":{"line":231,"column":8},"end":{"line":245,"column":10}},"92":{"start":{"line":232,"column":10},"end":{"line":232,"column":31}},"93":{"start":{"line":232,"column":20},"end":{"line":232,"column":31}},"94":{"start":{"line":234,"column":10},"end":{"line":234,"column":47}},"95":{"start":{"line":234,"column":41},"end":{"line":234,"column":47}},"96":{"start":{"line":235,"column":10},"end":{"line":243,"column":38}},"97":{"start":{"line":236,"column":12},"end":{"line":240,"column":13}},"98":{"start":{"line":237,"column":14},"end":{"line":237,"column":41}},"99":{"start":{"line":238,"column":14},"end":{"line":238,"column":31}},"100":{"start":{"line":239,"column":14},"end":{"line":239,"column":20}},"101":{"start":{"line":241,"column":12},"end":{"line":241,"column":44}},"102":{"start":{"line":242,"column":12},"end":{"line":242,"column":23}},"103":{"start":{"line":244,"column":10},"end":{"line":244,"column":21}},"104":{"start":{"line":253,"column":8},"end":{"line":253,"column":25}},"105":{"start":{"line":254,"column":25},"end":{"line":254,"column":40}},"106":{"start":{"line":255,"column":24},"end":{"line":255,"column":58}},"107":{"start":{"line":256,"column":22},"end":{"line":259,"column":16}},"108":{"start":{"line":257,"column":10},"end":{"line":259,"column":16}},"109":{"start":{"line":260,"column":8},"end":{"line":267,"column":9}},"110":{"start":{"line":261,"column":10},"end":{"line":261,"column":26}},"111":{"start":{"line":262,"column":10},"end":{"line":266,"column":11}},"112":{"start":{"line":268,"column":8},"end":{"line":271,"column":9}},"113":{"start":{"line":269,"column":10},"end":{"line":269,"column":30}},"114":{"start":{"line":270,"column":10},"end":{"line":270,"column":39}},"115":{"start":{"line":273,"column":8},"end":{"line":273,"column":40}},"116":{"start":{"line":273,"column":22},"end":{"line":273,"column":40}},"117":{"start":{"line":274,"column":8},"end":{"line":274,"column":32}},"118":{"start":{"line":274,"column":26},"end":{"line":274,"column":32}},"119":{"start":{"line":275,"column":27},"end":{"line":275,"column":42}},"120":{"start":{"line":276,"column":30},"end":{"line":276,"column":48}},"121":{"start":{"line":277,"column":8},"end":{"line":277,"column":92}},"122":{"start":{"line":277,"column":28},"end":{"line":277,"column":92}},"123":{"start":{"line":278,"column":8},"end":{"line":278,"column":26}},"124":{"start":{"line":279,"column":8},"end":{"line":279,"column":51}},"125":{"start":{"line":281,"column":8},"end":{"line":291,"column":10}},"126":{"start":{"line":282,"column":10},"end":{"line":290,"column":11}},"127":{"start":{"line":283,"column":12},"end":{"line":288,"column":13}},"128":{"start":{"line":284,"column":14},"end":{"line":284,"column":32}},"129":{"start":{"line":285,"column":14},"end":{"line":285,"column":56}},"130":{"start":{"line":287,"column":14},"end":{"line":287,"column":63}},"131":{"start":{"line":289,"column":12},"end":{"line":289,"column":23}},"132":{"start":{"line":292,"column":8},"end":{"line":299,"column":9}},"133":{"start":{"line":293,"column":10},"end":{"line":293,"column":26}},"134":{"start":{"line":294,"column":10},"end":{"line":298,"column":11}},"135":{"start":{"line":305,"column":21},"end":{"line":315,"column":4}},"136":{"start":{"line":306,"column":2},"end":{"line":315,"column":4}},"137":{"start":{"line":309,"column":6},"end":{"line":309,"column":48}},"138":{"start":{"line":310,"column":6},"end":{"line":313,"column":12}},"139":{"start":{"line":311,"column":8},"end":{"line":311,"column":19}},"140":{"start":{"line":312,"column":8},"end":{"line":312,"column":23}},"141":{"start":{"line":312,"column":16},"end":{"line":312,"column":23}},"142":{"start":{"line":317,"column":0},"end":{"line":317,"column":19}},"143":{"start":{"line":319,"column":0},"end":{"line":349,"column":1}},"144":{"start":{"line":322,"column":2},"end":{"line":322,"column":72}},"145":{"start":{"line":322,"column":58},"end":{"line":322,"column":69}},"146":{"start":{"line":324,"column":2},"end":{"line":343,"column":4}},"147":{"start":{"line":325,"column":4},"end":{"line":328,"column":5}},"148":{"start":{"line":326,"column":6},"end":{"line":326,"column":50}},"149":{"start":{"line":327,"column":6},"end":{"line":327,"column":28}},"150":{"start":{"line":329,"column":4},"end":{"line":329,"column":28}},"151":{"start":{"line":330,"column":4},"end":{"line":330,"column":46}},"152":{"start":{"line":331,"column":4},"end":{"line":331,"column":16}},"153":{"start":{"line":332,"column":4},"end":{"line":342,"column":5}},"154":{"start":{"line":334,"column":15},"end":{"line":334,"column":31}},"155":{"start":{"line":336,"column":10},"end":{"line":336,"column":25}},"156":{"start":{"line":337,"column":10},"end":{"line":337,"column":32}},"157":{"start":{"line":338,"column":10},"end":{"line":338,"column":57}},"158":{"start":{"line":345,"column":2},"end":{"line":348,"column":3}},"159":{"start":{"line":346,"column":4},"end":{"line":346,"column":53}},"160":{"start":{"line":347,"column":4},"end":{"line":347,"column":16}},"161":{"start":{"line":351,"column":0},"end":{"line":351,"column":80}}},"fnMap":{"0":{"name":"(anonymous_0)","decl":{"start":{"line":42,"column":7},"end":{"line":42,"column":8}},"loc":{"start":{"line":42,"column":20},"end":{"line":42,"column":97}},"line":42},"1":{"name":"(anonymous_1)","decl":{"start":{"line":43,"column":14},"end":{"line":43,"column":15}},"loc":{"start":{"line":43,"column":23},"end":{"line":48,"column":3}},"line":43},"2":{"name":"(anonymous_2)","decl":{"start":{"line":44,"column":18},"end":{"line":44,"column":19}},"loc":{"start":{"line":45,"column":6},"end":{"line":45,"column":81}},"line":45},"3":{"name":"(anonymous_3)","decl":{"start":{"line":49,"column":14},"end":{"line":49,"column":15}},"loc":{"start":{"line":49,"column":32},"end":{"line":52,"column":3}},"line":49},"4":{"name":"(anonymous_4)","decl":{"start":{"line":50,"column":29},"end":{"line":50,"column":30}},"loc":{"start":{"line":50,"column":35},"end":{"line":50,"column":66}},"line":50},"5":{"name":"(anonymous_5)","decl":{"start":{"line":53,"column":12},"end":{"line":53,"column":13}},"loc":{"start":{"line":53,"column":19},"end":{"line":59,"column":3}},"line":53},"6":{"name":"(anonymous_6)","decl":{"start":{"line":60,"column":12},"end":{"line":60,"column":13}},"loc":{"start":{"line":61,"column":4},"end":{"line":61,"column":99}},"line":61},"7":{"name":"(anonymous_7)","decl":{"start":{"line":62,"column":12},"end":{"line":62,"column":13}},"loc":{"start":{"line":63,"column":4},"end":{"line":63,"column":94}},"line":63},"8":{"name":"(anonymous_8)","decl":{"start":{"line":64,"column":5},"end":{"line":64,"column":6}},"loc":{"start":{"line":64,"column":25},"end":{"line":64,"column":67}},"line":64},"9":{"name":"(anonymous_9)","decl":{"start":{"line":65,"column":6},"end":{"line":65,"column":7}},"loc":{"start":{"line":65,"column":26},"end":{"line":65,"column":83}},"line":65},"10":{"name":"(anonymous_10)","decl":{"start":{"line":66,"column":7},"end":{"line":66,"column":8}},"loc":{"start":{"line":66,"column":21},"end":{"line":66,"column":64}},"line":66},"11":{"name":"(anonymous_11)","decl":{"start":{"line":67,"column":11},"end":{"line":67,"column":12}},"loc":{"start":{"line":68,"column":4},"end":{"line":68,"column":84}},"line":68},"12":{"name":"(anonymous_12)","decl":{"start":{"line":132,"column":16},"end":{"line":132,"column":17}},"loc":{"start":{"line":132,"column":24},"end":{"line":132,"column":34}},"line":132},"13":{"name":"upgradeConfig","decl":{"start":{"line":135,"column":9},"end":{"line":135,"column":22}},"loc":{"start":{"line":135,"column":25},"end":{"line":161,"column":1}},"line":135},"14":{"name":"createMessageElement","decl":{"start":{"line":164,"column":9},"end":{"line":164,"column":29}},"loc":{"start":{"line":164,"column":32},"end":{"line":171,"column":1}},"line":164},"15":{"name":"showMessage","decl":{"start":{"line":172,"column":9},"end":{"line":172,"column":20}},"loc":{"start":{"line":172,"column":42},"end":{"line":178,"column":1}},"line":172},"16":{"name":"(anonymous_16)","decl":{"start":{"line":177,"column":13},"end":{"line":177,"column":14}},"loc":{"start":{"line":177,"column":19},"end":{"line":177,"column":35}},"line":177},"17":{"name":"setupCancelDiv","decl":{"start":{"line":180,"column":9},"end":{"line":180,"column":23}},"loc":{"start":{"line":180,"column":28},"end":{"line":202,"column":1}},"line":180},"18":{"name":"(anonymous_18)","decl":{"start":{"line":183,"column":52},"end":{"line":183,"column":53}},"loc":{"start":{"line":183,"column":60},"end":{"line":183,"column":83}},"line":183},"19":{"name":"(anonymous_19)","decl":{"start":{"line":190,"column":24},"end":{"line":190,"column":25}},"loc":{"start":{"line":190,"column":30},"end":{"line":197,"column":5}},"line":190},"20":{"name":"parseTime","decl":{"start":{"line":204,"column":9},"end":{"line":204,"column":18}},"loc":{"start":{"line":204,"column":24},"end":{"line":212,"column":1}},"line":204},"21":{"name":"(anonymous_21)","decl":{"start":{"line":209,"column":9},"end":{"line":209,"column":10}},"loc":{"start":{"line":209,"column":16},"end":{"line":209,"column":29}},"line":209},"22":{"name":"(anonymous_22)","decl":{"start":{"line":214,"column":22},"end":{"line":214,"column":23}},"loc":{"start":{"line":214,"column":28},"end":{"line":214,"column":50}},"line":214},"23":{"name":"(anonymous_23)","decl":{"start":{"line":215,"column":25},"end":{"line":215,"column":26}},"loc":{"start":{"line":215,"column":31},"end":{"line":215,"column":56}},"line":215},"24":{"name":"(anonymous_24)","decl":{"start":{"line":216,"column":16},"end":{"line":216,"column":17}},"loc":{"start":{"line":216,"column":21},"end":{"line":216,"column":43}},"line":216},"25":{"name":"getAdLength","decl":{"start":{"line":218,"column":9},"end":{"line":218,"column":20}},"loc":{"start":{"line":218,"column":25},"end":{"line":222,"column":1}},"line":218},"26":{"name":"waitForAds","decl":{"start":{"line":224,"column":9},"end":{"line":224,"column":19}},"loc":{"start":{"line":224,"column":22},"end":{"line":303,"column":1}},"line":224},"27":{"name":"(anonymous_27)","decl":{"start":{"line":229,"column":15},"end":{"line":229,"column":16}},"loc":{"start":{"line":229,"column":22},"end":{"line":246,"column":7}},"line":229},"28":{"name":"(anonymous_28)","decl":{"start":{"line":231,"column":29},"end":{"line":231,"column":30}},"loc":{"start":{"line":231,"column":35},"end":{"line":245,"column":9}},"line":231},"29":{"name":"(anonymous_29)","decl":{"start":{"line":235,"column":21},"end":{"line":235,"column":22}},"loc":{"start":{"line":235,"column":27},"end":{"line":243,"column":11}},"line":235},"30":{"name":"(anonymous_30)","decl":{"start":{"line":251,"column":15},"end":{"line":251,"column":16}},"loc":{"start":{"line":251,"column":21},"end":{"line":300,"column":7}},"line":251},"31":{"name":"(anonymous_31)","decl":{"start":{"line":256,"column":22},"end":{"line":256,"column":23}},"loc":{"start":{"line":257,"column":10},"end":{"line":259,"column":16}},"line":257},"32":{"name":"(anonymous_32)","decl":{"start":{"line":281,"column":29},"end":{"line":281,"column":30}},"loc":{"start":{"line":281,"column":35},"end":{"line":291,"column":9}},"line":281},"33":{"name":"(anonymous_33)","decl":{"start":{"line":305,"column":21},"end":{"line":305,"column":22}},"loc":{"start":{"line":306,"column":2},"end":{"line":315,"column":4}},"line":306},"34":{"name":"(anonymous_34)","decl":{"start":{"line":308,"column":13},"end":{"line":308,"column":14}},"loc":{"start":{"line":308,"column":20},"end":{"line":314,"column":5}},"line":308},"35":{"name":"(anonymous_35)","decl":{"start":{"line":310,"column":17},"end":{"line":310,"column":18}},"loc":{"start":{"line":310,"column":23},"end":{"line":313,"column":7}},"line":310},"36":{"name":"(anonymous_36)","decl":{"start":{"line":322,"column":52},"end":{"line":322,"column":53}},"loc":{"start":{"line":322,"column":58},"end":{"line":322,"column":69}},"line":322},"37":{"name":"(anonymous_37)","decl":{"start":{"line":324,"column":60},"end":{"line":324,"column":61}},"loc":{"start":{"line":324,"column":66},"end":{"line":343,"column":3}},"line":324},"38":{"name":"(anonymous_38)","decl":{"start":{"line":334,"column":8},"end":{"line":334,"column":9}},"loc":{"start":{"line":334,"column":15},"end":{"line":334,"column":31}},"line":334},"39":{"name":"(anonymous_39)","decl":{"start":{"line":335,"column":8},"end":{"line":335,"column":9}},"loc":{"start":{"line":335,"column":14},"end":{"line":339,"column":9}},"line":335}},"branchMap":{"0":{"loc":{"start":{"line":45,"column":6},"end":{"line":45,"column":81}},"type":"cond-expr","locations":[{"start":{"line":45,"column":14},"end":{"line":45,"column":18}},{"start":{"line":45,"column":21},"end":{"line":45,"column":81}}],"line":45},"1":{"loc":{"start":{"line":45,"column":21},"end":{"line":45,"column":81}},"type":"cond-expr","locations":[{"start":{"line":45,"column":48},"end":{"line":45,"column":67}},{"start":{"line":45,"column":70},"end":{"line":45,"column":81}}],"line":45},"2":{"loc":{"start":{"line":50,"column":35},"end":{"line":50,"column":66}},"type":"binary-expr","locations":[{"start":{"line":50,"column":35},"end":{"line":50,"column":43}},{"start":{"line":50,"column":47},"end":{"line":50,"column":66}}],"line":50},"3":{"loc":{"start":{"line":54,"column":4},"end":{"line":57,"column":5}},"type":"if","locations":[{"start":{"line":54,"column":4},"end":{"line":57,"column":5}},{"start":{"line":54,"column":4},"end":{"line":57,"column":5}}],"line":54},"4":{"loc":{"start":{"line":56,"column":13},"end":{"line":56,"column":72}},"type":"cond-expr","locations":[{"start":{"line":56,"column":32},"end":{"line":56,"column":36}},{"start":{"line":56,"column":39},"end":{"line":56,"column":72}}],"line":56},"5":{"loc":{"start":{"line":56,"column":39},"end":{"line":56,"column":72}},"type":"cond-expr","locations":[{"start":{"line":56,"column":59},"end":{"line":56,"column":64}},{"start":{"line":56,"column":67},"end":{"line":56,"column":72}}],"line":56},"6":{"loc":{"start":{"line":61,"column":4},"end":{"line":61,"column":99}},"type":"cond-expr","locations":[{"start":{"line":61,"column":41},"end":{"line":61,"column":73}},{"start":{"line":61,"column":76},"end":{"line":61,"column":99}}],"line":61},"7":{"loc":{"start":{"line":63,"column":4},"end":{"line":63,"column":94}},"type":"cond-expr","locations":[{"start":{"line":63,"column":44},"end":{"line":63,"column":72}},{"start":{"line":63,"column":75},"end":{"line":63,"column":94}}],"line":63},"8":{"loc":{"start":{"line":64,"column":26},"end":{"line":64,"column":45}},"type":"binary-expr","locations":[{"start":{"line":64,"column":26},"end":{"line":64,"column":33}},{"start":{"line":64,"column":37},"end":{"line":64,"column":45}}],"line":64},"9":{"loc":{"start":{"line":65,"column":38},"end":{"line":65,"column":57}},"type":"binary-expr","locations":[{"start":{"line":65,"column":38},"end":{"line":65,"column":45}},{"start":{"line":65,"column":49},"end":{"line":65,"column":57}}],"line":65},"10":{"loc":{"start":{"line":68,"column":4},"end":{"line":68,"column":84}},"type":"cond-expr","locations":[{"start":{"line":68,"column":18},"end":{"line":68,"column":22}},{"start":{"line":68,"column":25},"end":{"line":68,"column":84}}],"line":68},"11":{"loc":{"start":{"line":68,"column":25},"end":{"line":68,"column":84}},"type":"cond-expr","locations":[{"start":{"line":68,"column":43},"end":{"line":68,"column":78}},{"start":{"line":68,"column":81},"end":{"line":68,"column":84}}],"line":68},"12":{"loc":{"start":{"line":137,"column":9},"end":{"line":137,"column":69}},"type":"binary-expr","locations":[{"start":{"line":137,"column":9},"end":{"line":137,"column":37}},{"start":{"line":137,"column":41},"end":{"line":137,"column":69}}],"line":137},"13":{"loc":{"start":{"line":140,"column":4},"end":{"line":159,"column":5}},"type":"switch","locations":[{"start":{"line":141,"column":6},"end":{"line":158,"column":7}}],"line":140},"14":{"loc":{"start":{"line":148,"column":8},"end":{"line":148,"column":66}},"type":"if","locations":[{"start":{"line":148,"column":8},"end":{"line":148,"column":66}},{"start":{"line":148,"column":8},"end":{"line":148,"column":66}}],"line":148},"15":{"loc":{"start":{"line":149,"column":8},"end":{"line":149,"column":66}},"type":"if","locations":[{"start":{"line":149,"column":8},"end":{"line":149,"column":66}},{"start":{"line":149,"column":8},"end":{"line":149,"column":66}}],"line":149},"16":{"loc":{"start":{"line":150,"column":8},"end":{"line":151,"column":76}},"type":"if","locations":[{"start":{"line":150,"column":8},"end":{"line":151,"column":76}},{"start":{"line":150,"column":8},"end":{"line":151,"column":76}}],"line":150},"17":{"loc":{"start":{"line":150,"column":12},"end":{"line":150,"column":62}},"type":"binary-expr","locations":[{"start":{"line":150,"column":12},"end":{"line":150,"column":35}},{"start":{"line":150,"column":39},"end":{"line":150,"column":62}}],"line":150},"18":{"loc":{"start":{"line":182,"column":19},"end":{"line":182,"column":79}},"type":"binary-expr","locations":[{"start":{"line":182,"column":19},"end":{"line":182,"column":27}},{"start":{"line":182,"column":31},"end":{"line":182,"column":79}}],"line":182},"19":{"loc":{"start":{"line":183,"column":2},"end":{"line":201,"column":3}},"type":"if","locations":[{"start":{"line":183,"column":2},"end":{"line":201,"column":3}},{"start":{"line":183,"column":2},"end":{"line":201,"column":3}}],"line":183},"20":{"loc":{"start":{"line":183,"column":6},"end":{"line":183,"column":84}},"type":"binary-expr","locations":[{"start":{"line":183,"column":6},"end":{"line":183,"column":14}},{"start":{"line":183,"column":18},"end":{"line":183,"column":84}}],"line":183},"21":{"loc":{"start":{"line":186,"column":4},"end":{"line":186,"column":37}},"type":"if","locations":[{"start":{"line":186,"column":4},"end":{"line":186,"column":37}},{"start":{"line":186,"column":4},"end":{"line":186,"column":37}}],"line":186},"22":{"loc":{"start":{"line":189,"column":29},"end":{"line":189,"column":60}},"type":"cond-expr","locations":[{"start":{"line":189,"column":43},"end":{"line":189,"column":55}},{"start":{"line":189,"column":58},"end":{"line":189,"column":60}}],"line":189},"23":{"loc":{"start":{"line":196,"column":6},"end":{"line":196,"column":98}},"type":"if","locations":[{"start":{"line":196,"column":6},"end":{"line":196,"column":98}},{"start":{"line":196,"column":6},"end":{"line":196,"column":98}}],"line":196},"24":{"loc":{"start":{"line":196,"column":10},"end":{"line":196,"column":78}},"type":"binary-expr","locations":[{"start":{"line":196,"column":10},"end":{"line":196,"column":21}},{"start":{"line":196,"column":25},"end":{"line":196,"column":35}},{"start":{"line":196,"column":39},"end":{"line":196,"column":52}},{"start":{"line":196,"column":56},"end":{"line":196,"column":78}}],"line":196},"25":{"loc":{"start":{"line":211,"column":9},"end":{"line":211,"column":36}},"type":"binary-expr","locations":[{"start":{"line":211,"column":9},"end":{"line":211,"column":31}},{"start":{"line":211,"column":35},"end":{"line":211,"column":36}}],"line":211},"26":{"loc":{"start":{"line":219,"column":2},"end":{"line":219,"column":19}},"type":"if","locations":[{"start":{"line":219,"column":2},"end":{"line":219,"column":19}},{"start":{"line":219,"column":2},"end":{"line":219,"column":19}}],"line":219},"27":{"loc":{"start":{"line":221,"column":9},"end":{"line":221,"column":47}},"type":"cond-expr","locations":[{"start":{"line":221,"column":16},"end":{"line":221,"column":43}},{"start":{"line":221,"column":46},"end":{"line":221,"column":47}}],"line":221},"28":{"loc":{"start":{"line":232,"column":10},"end":{"line":232,"column":31}},"type":"if","locations":[{"start":{"line":232,"column":10},"end":{"line":232,"column":31}},{"start":{"line":232,"column":10},"end":{"line":232,"column":31}}],"line":232},"29":{"loc":{"start":{"line":234,"column":10},"end":{"line":234,"column":47}},"type":"if","locations":[{"start":{"line":234,"column":10},"end":{"line":234,"column":47}},{"start":{"line":234,"column":10},"end":{"line":234,"column":47}}],"line":234},"30":{"loc":{"start":{"line":236,"column":12},"end":{"line":240,"column":13}},"type":"if","locations":[{"start":{"line":236,"column":12},"end":{"line":240,"column":13}},{"start":{"line":236,"column":12},"end":{"line":240,"column":13}}],"line":236},"31":{"loc":{"start":{"line":257,"column":10},"end":{"line":259,"column":16}},"type":"cond-expr","locations":[{"start":{"line":258,"column":14},"end":{"line":258,"column":95}},{"start":{"line":259,"column":14},"end":{"line":259,"column":16}}],"line":257},"32":{"loc":{"start":{"line":260,"column":8},"end":{"line":267,"column":9}},"type":"if","locations":[{"start":{"line":260,"column":8},"end":{"line":267,"column":9}},{"start":{"line":260,"column":8},"end":{"line":267,"column":9}}],"line":260},"33":{"loc":{"start":{"line":260,"column":12},"end":{"line":260,"column":50}},"type":"binary-expr","locations":[{"start":{"line":260,"column":12},"end":{"line":260,"column":19}},{"start":{"line":260,"column":23},"end":{"line":260,"column":50}}],"line":260},"34":{"loc":{"start":{"line":268,"column":8},"end":{"line":271,"column":9}},"type":"if","locations":[{"start":{"line":268,"column":8},"end":{"line":271,"column":9}},{"start":{"line":268,"column":8},"end":{"line":271,"column":9}}],"line":268},"35":{"loc":{"start":{"line":273,"column":8},"end":{"line":273,"column":40}},"type":"if","locations":[{"start":{"line":273,"column":8},"end":{"line":273,"column":40}},{"start":{"line":273,"column":8},"end":{"line":273,"column":40}}],"line":273},"36":{"loc":{"start":{"line":274,"column":8},"end":{"line":274,"column":32}},"type":"if","locations":[{"start":{"line":274,"column":8},"end":{"line":274,"column":32}},{"start":{"line":274,"column":8},"end":{"line":274,"column":32}}],"line":274},"37":{"loc":{"start":{"line":277,"column":8},"end":{"line":277,"column":92}},"type":"if","locations":[{"start":{"line":277,"column":8},"end":{"line":277,"column":92}},{"start":{"line":277,"column":8},"end":{"line":277,"column":92}}],"line":277},"38":{"loc":{"start":{"line":282,"column":10},"end":{"line":290,"column":11}},"type":"if","locations":[{"start":{"line":282,"column":10},"end":{"line":290,"column":11}},{"start":{"line":282,"column":10},"end":{"line":290,"column":11}}],"line":282},"39":{"loc":{"start":{"line":283,"column":12},"end":{"line":288,"column":13}},"type":"if","locations":[{"start":{"line":283,"column":12},"end":{"line":288,"column":13}},{"start":{"line":283,"column":12},"end":{"line":288,"column":13}}],"line":283},"40":{"loc":{"start":{"line":292,"column":8},"end":{"line":299,"column":9}},"type":"if","locations":[{"start":{"line":292,"column":8},"end":{"line":299,"column":9}},{"start":{"line":292,"column":8},"end":{"line":299,"column":9}}],"line":292},"41":{"loc":{"start":{"line":312,"column":8},"end":{"line":312,"column":23}},"type":"if","locations":[{"start":{"line":312,"column":8},"end":{"line":312,"column":23}},{"start":{"line":312,"column":8},"end":{"line":312,"column":23}}],"line":312},"42":{"loc":{"start":{"line":319,"column":0},"end":{"line":349,"column":1}},"type":"if","locations":[{"start":{"line":319,"column":0},"end":{"line":349,"column":1}},{"start":{"line":319,"column":0},"end":{"line":349,"column":1}}],"line":319},"43":{"loc":{"start":{"line":325,"column":4},"end":{"line":328,"column":5}},"type":"if","locations":[{"start":{"line":325,"column":4},"end":{"line":328,"column":5}},{"start":{"line":325,"column":4},"end":{"line":328,"column":5}}],"line":325},"44":{"loc":{"start":{"line":325,"column":8},"end":{"line":325,"column":46}},"type":"binary-expr","locations":[{"start":{"line":325,"column":8},"end":{"line":325,"column":16}},{"start":{"line":325,"column":20},"end":{"line":325,"column":46}}],"line":325},"45":{"loc":{"start":{"line":345,"column":2},"end":{"line":348,"column":3}},"type":"if","locations":[{"start":{"line":345,"column":2},"end":{"line":348,"column":3}},{"start":{"line":345,"column":2},"end":{"line":348,"column":3}}],"line":345}},"s":{"0":0,"1":0,"2":0,"3":0,"4":0,"5":0,"6":0,"7":0,"8":0,"9":0,"10":0,"11":0,"12":0,"13":0,"14":0,"15":0,"16":0,"17":0,"18":0,"19":0,"20":0,"21":0,"22":0,"23":0,"24":0,"25":0,"26":0,"27":0,"28":0,"29":0,"30":0,"31":0,"32":0,"33":0,"34":0,"35":0,"36":0,"37":0,"38":0,"39":0,"40":0,"41":0,"42":0,"43":0,"44":0,"45":0,"46":0,"47":0,"48":0,"49":0,"50":0,"51":0,"52":0,"53":0,"54":0,"55":0,"56":0,"57":0,"58":0,"59":0,"60":0,"61":0,"62":0,"63":0,"64":0,"65":0,"66":0,"67":0,"68":0,"69":0,"70":0,"71":0,"72":0,"73":0,"74":0,"75":0,"76":0,"77":0,"78":0,"79":0,"80":0,"81":0,"82":0,"83":0,"84":0,"85":0,"86":0,"87":0,"88":0,"89":0,"90":0,"91":0,"92":0,"93":0,"94":0,"95":0,"96":0,"97":0,"98":0,"99":0,"100":0,"101":0,"102":0,"103":0,"104":0,"105":0,"106":0,"107":0,"108":0,"109":0,"110":0,"111":0,"112":0,"113":0,"114":0,"115":0,"116":0,"117":0,"118":0,"119":0,"120":0,"121":0,"122":0,"123":0,"124":0,"125":0,"126":0,"127":0,"128":0,"129":0,"130":0,"131":0,"132":0,"133":0,"134":0,"135":0,"136":0,"137":0,"138":0,"139":0,"140":0,"141":0,"142":0,"143":0,"144":0,"145":0,"146":0,"147":0,"148":0,"149":0,"150":0,"151":0,"152":0,"153":0,"154":0,"155":0,"156":0,"157":0,"158":0,"159":0,"160":0,"161":0},"f":{"0":0,"1":0,"2":0,"3":0,"4":0,"5":0,"6":0,"7":0,"8":0,"9":0,"10":0,"11":0,"12":0,"13":0,"14":0,"15":0,"16":0,"17":0,"18":0,"19":0,"20":0,"21":0,"22":0,"23":0,"24":0,"25":0,"26":0,"27":0,"28":0,"29":0,"30":0,"31":0,"32":0,"33":0,"34":0,"35":0,"36":0,"37":0,"38":0,"39":0},"b":{"0":[0,0],"1":[0,0],"2":[0,0],"3":[0,0],"4":[0,0],"5":[0,0],"6":[0,0],"7":[0,0],"8":[0,0],"9":[0,0],"10":[0,0],"11":[0,0],"12":[0,0],"13":[0],"14":[0,0],"15":[0,0],"16":[0,0],"17":[0,0],"18":[0,0],"19":[0,0],"20":[0,0],"21":[0,0],"22":[0,0],"23":[0,0],"24":[0,0,0,0],"25":[0,0],"26":[0,0],"27":[0,0],"28":[0,0],"29":[0,0],"30":[0,0],"31":[0,0],"32":[0,0],"33":[0,0],"34":[0,0],"35":[0,0],"36":[0,0],"37":[0,0],"38":[0,0],"39":[0,0],"40":[0,0],"41":[0,0],"42":[0,0],"43":[0,0],"44":[0,0],"45":[0,0]},"all":true},"c:\\TANGJ15\\code\\userscripts\\build-readme.js":{"path":"c:\\TANGJ15\\code\\userscripts\\build-readme.js","statementMap":{"0":{"start":{"line":1,"column":11},"end":{"line":1,"column":33}},"1":{"start":{"line":2,"column":13},"end":{"line":2,"column":28}},"2":{"start":{"line":4,"column":10},"end":{"line":4,"column":54}},"3":{"start":{"line":4,"column":24},"end":{"line":4,"column":53}},"4":{"start":{"line":6,"column":18},"end":{"line":12,"column":87}},"5":{"start":{"line":7,"column":2},"end":{"line":12,"column":87}},"6":{"start":{"line":10,"column":17},"end":{"line":10,"column":52}},"7":{"start":{"line":11,"column":21},"end":{"line":11,"column":26}},"8":{"start":{"line":12,"column":38},"end":{"line":12,"column":82}},"9":{"start":{"line":14,"column":19},"end":{"line":19,"column":2}},"10":{"start":{"line":14,"column":45},"end":{"line":19,"column":1}},"11":{"start":{"line":18,"column":32},"end":{"line":18,"column":55}},"12":{"start":{"line":21,"column":19},"end":{"line":49,"column":5}},"13":{"start":{"line":22,"column":2},"end":{"line":49,"column":5}},"14":{"start":{"line":24,"column":19},"end":{"line":24,"column":62}},"15":{"start":{"line":24,"column":40},"end":{"line":24,"column":61}},"16":{"start":{"line":26,"column":6},"end":{"line":37,"column":7}},"17":{"start":{"line":28,"column":10},"end":{"line":35,"column":11}},"18":{"start":{"line":29,"column":12},"end":{"line":34,"column":22}},"19":{"start":{"line":32,"column":33},"end":{"line":32,"column":87}},"20":{"start":{"line":32,"column":60},"end":{"line":32,"column":85}},"21":{"start":{"line":33,"column":43},"end":{"line":33,"column":84}},"22":{"start":{"line":39,"column":21},"end":{"line":39,"column":44}},"23":{"start":{"line":41,"column":6},"end":{"line":48,"column":7}},"24":{"start":{"line":43,"column":10},"end":{"line":46,"column":13}},"25":{"start":{"line":43,"column":48},"end":{"line":46,"column":11}},"26":{"start":{"line":51,"column":16},"end":{"line":51,"column":66}},"27":{"start":{"line":52,"column":20},"end":{"line":52,"column":50}},"28":{"start":{"line":54,"column":25},"end":{"line":60,"column":1}},"29":{"start":{"line":55,"column":22},"end":{"line":55,"column":77}},"30":{"start":{"line":56,"column":19},"end":{"line":56,"column":80}},"31":{"start":{"line":57,"column":2},"end":{"line":59,"column":31}},"32":{"start":{"line":62,"column":20},"end":{"line":86,"column":56}},"33":{"start":{"line":63,"column":2},"end":{"line":86,"column":56}},"34":{"start":{"line":65,"column":6},"end":{"line":84,"column":7}},"35":{"start":{"line":66,"column":8},"end":{"line":83,"column":11}},"36":{"start":{"line":72,"column":34},"end":{"line":72,"column":62}},"37":{"start":{"line":80,"column":34},"end":{"line":80,"column":62}},"38":{"start":{"line":86,"column":20},"end":{"line":86,"column":55}},"39":{"start":{"line":88,"column":0},"end":{"line":88,"column":13}}},"fnMap":{"0":{"name":"(anonymous_0)","decl":{"start":{"line":4,"column":10},"end":{"line":4,"column":11}},"loc":{"start":{"line":4,"column":24},"end":{"line":4,"column":53}},"line":4},"1":{"name":"(anonymous_1)","decl":{"start":{"line":6,"column":18},"end":{"line":6,"column":19}},"loc":{"start":{"line":7,"column":2},"end":{"line":12,"column":87}},"line":7},"2":{"name":"(anonymous_2)","decl":{"start":{"line":10,"column":9},"end":{"line":10,"column":10}},"loc":{"start":{"line":10,"column":17},"end":{"line":10,"column":52}},"line":10},"3":{"name":"(anonymous_3)","decl":{"start":{"line":11,"column":12},"end":{"line":11,"column":13}},"loc":{"start":{"line":11,"column":21},"end":{"line":11,"column":26}},"line":11},"4":{"name":"(anonymous_4)","decl":{"start":{"line":12,"column":12},"end":{"line":12,"column":13}},"loc":{"start":{"line":12,"column":38},"end":{"line":12,"column":82}},"line":12},"5":{"name":"(anonymous_5)","decl":{"start":{"line":14,"column":19},"end":{"line":14,"column":20}},"loc":{"start":{"line":14,"column":45},"end":{"line":19,"column":1}},"line":14},"6":{"name":"(anonymous_6)","decl":{"start":{"line":18,"column":24},"end":{"line":18,"column":25}},"loc":{"start":{"line":18,"column":32},"end":{"line":18,"column":55}},"line":18},"7":{"name":"(anonymous_7)","decl":{"start":{"line":21,"column":19},"end":{"line":21,"column":20}},"loc":{"start":{"line":22,"column":2},"end":{"line":49,"column":5}},"line":22},"8":{"name":"(anonymous_8)","decl":{"start":{"line":24,"column":10},"end":{"line":24,"column":11}},"loc":{"start":{"line":24,"column":19},"end":{"line":24,"column":62}},"line":24},"9":{"name":"(anonymous_9)","decl":{"start":{"line":24,"column":32},"end":{"line":24,"column":33}},"loc":{"start":{"line":24,"column":40},"end":{"line":24,"column":61}},"line":24},"10":{"name":"(anonymous_10)","decl":{"start":{"line":25,"column":10},"end":{"line":25,"column":11}},"loc":{"start":{"line":26,"column":6},"end":{"line":37,"column":7}},"line":26},"11":{"name":"(anonymous_11)","decl":{"start":{"line":27,"column":18},"end":{"line":27,"column":19}},"loc":{"start":{"line":28,"column":10},"end":{"line":35,"column":11}},"line":28},"12":{"name":"(anonymous_12)","decl":{"start":{"line":28,"column":33},"end":{"line":28,"column":34}},"loc":{"start":{"line":29,"column":12},"end":{"line":34,"column":22}},"line":29},"13":{"name":"(anonymous_13)","decl":{"start":{"line":32,"column":24},"end":{"line":32,"column":25}},"loc":{"start":{"line":32,"column":33},"end":{"line":32,"column":87}},"line":32},"14":{"name":"(anonymous_14)","decl":{"start":{"line":32,"column":52},"end":{"line":32,"column":53}},"loc":{"start":{"line":32,"column":60},"end":{"line":32,"column":85}},"line":32},"15":{"name":"(anonymous_15)","decl":{"start":{"line":33,"column":24},"end":{"line":33,"column":25}},"loc":{"start":{"line":33,"column":43},"end":{"line":33,"column":84}},"line":33},"16":{"name":"(anonymous_16)","decl":{"start":{"line":39,"column":10},"end":{"line":39,"column":11}},"loc":{"start":{"line":39,"column":21},"end":{"line":39,"column":44}},"line":39},"17":{"name":"(anonymous_17)","decl":{"start":{"line":40,"column":10},"end":{"line":40,"column":11}},"loc":{"start":{"line":41,"column":6},"end":{"line":48,"column":7}},"line":41},"18":{"name":"(anonymous_18)","decl":{"start":{"line":42,"column":20},"end":{"line":42,"column":21}},"loc":{"start":{"line":43,"column":10},"end":{"line":46,"column":13}},"line":43},"19":{"name":"(anonymous_19)","decl":{"start":{"line":43,"column":40},"end":{"line":43,"column":41}},"loc":{"start":{"line":43,"column":48},"end":{"line":46,"column":11}},"line":43},"20":{"name":"(anonymous_20)","decl":{"start":{"line":54,"column":25},"end":{"line":54,"column":26}},"loc":{"start":{"line":54,"column":35},"end":{"line":60,"column":1}},"line":54},"21":{"name":"(anonymous_21)","decl":{"start":{"line":62,"column":20},"end":{"line":62,"column":21}},"loc":{"start":{"line":63,"column":2},"end":{"line":86,"column":56}},"line":63},"22":{"name":"(anonymous_22)","decl":{"start":{"line":64,"column":10},"end":{"line":64,"column":11}},"loc":{"start":{"line":65,"column":6},"end":{"line":84,"column":7}},"line":65},"23":{"name":"(anonymous_23)","decl":{"start":{"line":65,"column":45},"end":{"line":65,"column":46}},"loc":{"start":{"line":66,"column":8},"end":{"line":83,"column":11}},"line":66},"24":{"name":"(anonymous_24)","decl":{"start":{"line":72,"column":24},"end":{"line":72,"column":25}},"loc":{"start":{"line":72,"column":34},"end":{"line":72,"column":62}},"line":72},"25":{"name":"(anonymous_25)","decl":{"start":{"line":80,"column":24},"end":{"line":80,"column":25}},"loc":{"start":{"line":80,"column":34},"end":{"line":80,"column":62}},"line":80},"26":{"name":"(anonymous_26)","decl":{"start":{"line":86,"column":10},"end":{"line":86,"column":11}},"loc":{"start":{"line":86,"column":20},"end":{"line":86,"column":55}},"line":86}},"branchMap":{"0":{"loc":{"start":{"line":29,"column":12},"end":{"line":34,"column":22}},"type":"cond-expr","locations":[{"start":{"line":30,"column":16},"end":{"line":33,"column":85}},{"start":{"line":34,"column":16},"end":{"line":34,"column":22}}],"line":29},"1":{"loc":{"start":{"line":33,"column":43},"end":{"line":33,"column":84}},"type":"binary-expr","locations":[{"start":{"line":33,"column":43},"end":{"line":33,"column":47}},{"start":{"line":33,"column":51},"end":{"line":33,"column":84}}],"line":33},"2":{"loc":{"start":{"line":56,"column":19},"end":{"line":56,"column":80}},"type":"binary-expr","locations":[{"start":{"line":56,"column":19},"end":{"line":56,"column":35}},{"start":{"line":56,"column":39},"end":{"line":56,"column":80}}],"line":56},"3":{"loc":{"start":{"line":58,"column":4},"end":{"line":58,"column":52}},"type":"cond-expr","locations":[{"start":{"line":58,"column":15},"end":{"line":58,"column":36}},{"start":{"line":58,"column":39},"end":{"line":58,"column":52}}],"line":58}},"s":{"0":0,"1":0,"2":0,"3":0,"4":0,"5":0,"6":0,"7":0,"8":0,"9":0,"10":0,"11":0,"12":0,"13":0,"14":0,"15":0,"16":0,"17":0,"18":0,"19":0,"20":0,"21":0,"22":0,"23":0,"24":0,"25":0,"26":0,"27":0,"28":0,"29":0,"30":0,"31":0,"32":0,"33":0,"34":0,"35":0,"36":0,"37":0,"38":0,"39":0},"f":{"0":0,"1":0,"2":0,"3":0,"4":0,"5":0,"6":0,"7":0,"8":0,"9":0,"10":0,"11":0,"12":0,"13":0,"14":0,"15":0,"16":0,"17":0,"18":0,"19":0,"20":0,"21":0,"22":0,"23":0,"24":0,"25":0,"26":0},"b":{"0":[0,0],"1":[0,0],"2":[0,0],"3":[0,0]},"all":true},"c:\\TANGJ15\\code\\userscripts\\crunchyroll-queue-times\\crunchyroll-queue-times.user.js":{"path":"c:\\TANGJ15\\code\\userscripts\\crunchyroll-queue-times\\crunchyroll-queue-times.user.js","statementMap":{"0":{"start":{"line":11,"column":14},"end":{"line":11,"column":34}},"1":{"start":{"line":12,"column":12},"end":{"line":12,"column":32}},"2":{"start":{"line":13,"column":20},"end":{"line":13,"column":82}},"3":{"start":{"line":15,"column":13},"end":{"line":15,"column":17}},"4":{"start":{"line":16,"column":11},"end":{"line":16,"column":22}},"5":{"start":{"line":17,"column":9},"end":{"line":17,"column":20}},"6":{"start":{"line":18,"column":8},"end":{"line":18,"column":17}},"7":{"start":{"line":20,"column":14},"end":{"line":20,"column":40}},"8":{"start":{"line":22,"column":9},"end":{"line":24,"column":1}},"9":{"start":{"line":23,"column":2},"end":{"line":23,"column":60}},"10":{"start":{"line":26,"column":15},"end":{"line":35,"column":1}},"11":{"start":{"line":27,"column":2},"end":{"line":33,"column":3}},"12":{"start":{"line":28,"column":16},"end":{"line":28,"column":41}},"13":{"start":{"line":29,"column":4},"end":{"line":31,"column":5}},"14":{"start":{"line":30,"column":6},"end":{"line":30,"column":47}},"15":{"start":{"line":32,"column":4},"end":{"line":32,"column":17}},"16":{"start":{"line":34,"column":2},"end":{"line":34,"column":26}},"17":{"start":{"line":37,"column":15},"end":{"line":42,"column":1}},"18":{"start":{"line":38,"column":2},"end":{"line":40,"column":3}},"19":{"start":{"line":39,"column":4},"end":{"line":39,"column":44}},"20":{"start":{"line":41,"column":2},"end":{"line":41,"column":33}},"21":{"start":{"line":44,"column":15},"end":{"line":49,"column":1}},"22":{"start":{"line":45,"column":2},"end":{"line":47,"column":3}},"23":{"start":{"line":46,"column":4},"end":{"line":46,"column":40}},"24":{"start":{"line":48,"column":2},"end":{"line":48,"column":29}},"25":{"start":{"line":51,"column":20},"end":{"line":60,"column":1}},"26":{"start":{"line":53,"column":2},"end":{"line":58,"column":5}},"27":{"start":{"line":54,"column":4},"end":{"line":57,"column":5}},"28":{"start":{"line":55,"column":6},"end":{"line":55,"column":19}},"29":{"start":{"line":56,"column":6},"end":{"line":56,"column":18}},"30":{"start":{"line":59,"column":2},"end":{"line":59,"column":15}},"31":{"start":{"line":62,"column":15},"end":{"line":83,"column":1}},"32":{"start":{"line":63,"column":13},"end":{"line":63,"column":36}},"33":{"start":{"line":64,"column":2},"end":{"line":64,"column":22}},"34":{"start":{"line":65,"column":14},"end":{"line":65,"column":38}},"35":{"start":{"line":66,"column":2},"end":{"line":66,"column":24}},"36":{"start":{"line":67,"column":16},"end":{"line":67,"column":42}},"37":{"start":{"line":68,"column":2},"end":{"line":68,"column":28}},"38":{"start":{"line":69,"column":16},"end":{"line":69,"column":42}},"39":{"start":{"line":70,"column":2},"end":{"line":70,"column":28}},"40":{"start":{"line":71,"column":2},"end":{"line":82,"column":4}},"41":{"start":{"line":77,"column":6},"end":{"line":77,"column":69}},"42":{"start":{"line":80,"column":6},"end":{"line":80,"column":189}},"43":{"start":{"line":86,"column":22},"end":{"line":102,"column":1}},"44":{"start":{"line":87,"column":18},"end":{"line":87,"column":48}},"45":{"start":{"line":88,"column":13},"end":{"line":88,"column":23}},"46":{"start":{"line":89,"column":18},"end":{"line":89,"column":42}},"47":{"start":{"line":90,"column":13},"end":{"line":99,"column":10}},"48":{"start":{"line":91,"column":16},"end":{"line":91,"column":35}},"49":{"start":{"line":92,"column":4},"end":{"line":95,"column":5}},"50":{"start":{"line":93,"column":6},"end":{"line":93,"column":108}},"51":{"start":{"line":94,"column":6},"end":{"line":94,"column":33}},"52":{"start":{"line":96,"column":4},"end":{"line":96,"column":46}},"53":{"start":{"line":97,"column":4},"end":{"line":97,"column":35}},"54":{"start":{"line":98,"column":4},"end":{"line":98,"column":22}},"55":{"start":{"line":100,"column":2},"end":{"line":100,"column":21}},"56":{"start":{"line":101,"column":2},"end":{"line":101,"column":29}},"57":{"start":{"line":104,"column":28},"end":{"line":109,"column":1}},"58":{"start":{"line":105,"column":12},"end":{"line":105,"column":80}},"59":{"start":{"line":106,"column":16},"end":{"line":106,"column":76}},"60":{"start":{"line":107,"column":2},"end":{"line":107,"column":110}},"61":{"start":{"line":108,"column":2},"end":{"line":108,"column":13}},"62":{"start":{"line":111,"column":24},"end":{"line":117,"column":1}},"63":{"start":{"line":112,"column":12},"end":{"line":112,"column":32}},"64":{"start":{"line":113,"column":2},"end":{"line":113,"column":43}},"65":{"start":{"line":114,"column":2},"end":{"line":114,"column":32}},"66":{"start":{"line":115,"column":2},"end":{"line":115,"column":18}},"67":{"start":{"line":116,"column":2},"end":{"line":116,"column":13}},"68":{"start":{"line":119,"column":11},"end":{"line":145,"column":1}},"69":{"start":{"line":120,"column":2},"end":{"line":120,"column":25}},"70":{"start":{"line":121,"column":2},"end":{"line":144,"column":5}},"71":{"start":{"line":122,"column":14},"end":{"line":122,"column":24}},"72":{"start":{"line":123,"column":20},"end":{"line":123,"column":22}},"73":{"start":{"line":124,"column":4},"end":{"line":127,"column":7}},"74":{"start":{"line":125,"column":6},"end":{"line":125,"column":93}},"75":{"start":{"line":125,"column":86},"end":{"line":125,"column":93}},"76":{"start":{"line":126,"column":6},"end":{"line":126,"column":71}},"77":{"start":{"line":129,"column":14},"end":{"line":129,"column":24}},"78":{"start":{"line":130,"column":4},"end":{"line":132,"column":7}},"79":{"start":{"line":131,"column":6},"end":{"line":131,"column":41}},"80":{"start":{"line":134,"column":4},"end":{"line":143,"column":7}},"81":{"start":{"line":135,"column":6},"end":{"line":137,"column":7}},"82":{"start":{"line":136,"column":8},"end":{"line":136,"column":15}},"83":{"start":{"line":138,"column":18},"end":{"line":138,"column":63}},"84":{"start":{"line":139,"column":20},"end":{"line":139,"column":51}},"85":{"start":{"line":140,"column":6},"end":{"line":142,"column":7}},"86":{"start":{"line":141,"column":8},"end":{"line":141,"column":66}},"87":{"start":{"line":147,"column":19},"end":{"line":147,"column":48}},"88":{"start":{"line":149,"column":0},"end":{"line":151,"column":1}},"89":{"start":{"line":150,"column":2},"end":{"line":150,"column":22}},"90":{"start":{"line":154,"column":0},"end":{"line":157,"column":3}},"91":{"start":{"line":155,"column":2},"end":{"line":155,"column":47}},"92":{"start":{"line":156,"column":2},"end":{"line":156,"column":27}},"93":{"start":{"line":160,"column":0},"end":{"line":160,"column":41}}},"fnMap":{"0":{"name":"(anonymous_0)","decl":{"start":{"line":22,"column":9},"end":{"line":22,"column":10}},"loc":{"start":{"line":22,"column":24},"end":{"line":24,"column":1}},"line":22},"1":{"name":"(anonymous_1)","decl":{"start":{"line":26,"column":15},"end":{"line":26,"column":16}},"loc":{"start":{"line":26,"column":29},"end":{"line":35,"column":1}},"line":26},"2":{"name":"(anonymous_2)","decl":{"start":{"line":37,"column":15},"end":{"line":37,"column":16}},"loc":{"start":{"line":37,"column":36},"end":{"line":42,"column":1}},"line":37},"3":{"name":"(anonymous_3)","decl":{"start":{"line":44,"column":15},"end":{"line":44,"column":16}},"loc":{"start":{"line":44,"column":29},"end":{"line":49,"column":1}},"line":44},"4":{"name":"(anonymous_4)","decl":{"start":{"line":51,"column":20},"end":{"line":51,"column":21}},"loc":{"start":{"line":51,"column":43},"end":{"line":60,"column":1}},"line":51},"5":{"name":"(anonymous_5)","decl":{"start":{"line":53,"column":13},"end":{"line":53,"column":14}},"loc":{"start":{"line":53,"column":28},"end":{"line":58,"column":3}},"line":53},"6":{"name":"(anonymous_6)","decl":{"start":{"line":62,"column":15},"end":{"line":62,"column":16}},"loc":{"start":{"line":62,"column":31},"end":{"line":83,"column":1}},"line":62},"7":{"name":"(anonymous_7)","decl":{"start":{"line":76,"column":12},"end":{"line":76,"column":13}},"loc":{"start":{"line":76,"column":23},"end":{"line":78,"column":5}},"line":76},"8":{"name":"(anonymous_8)","decl":{"start":{"line":79,"column":15},"end":{"line":79,"column":16}},"loc":{"start":{"line":79,"column":26},"end":{"line":81,"column":5}},"line":79},"9":{"name":"(anonymous_9)","decl":{"start":{"line":86,"column":22},"end":{"line":86,"column":23}},"loc":{"start":{"line":86,"column":40},"end":{"line":102,"column":1}},"line":86},"10":{"name":"(anonymous_10)","decl":{"start":{"line":90,"column":25},"end":{"line":90,"column":26}},"loc":{"start":{"line":90,"column":36},"end":{"line":99,"column":3}},"line":90},"11":{"name":"(anonymous_11)","decl":{"start":{"line":104,"column":28},"end":{"line":104,"column":29}},"loc":{"start":{"line":104,"column":43},"end":{"line":109,"column":1}},"line":104},"12":{"name":"(anonymous_12)","decl":{"start":{"line":111,"column":24},"end":{"line":111,"column":25}},"loc":{"start":{"line":111,"column":37},"end":{"line":117,"column":1}},"line":111},"13":{"name":"(anonymous_13)","decl":{"start":{"line":119,"column":11},"end":{"line":119,"column":12}},"loc":{"start":{"line":119,"column":31},"end":{"line":145,"column":1}},"line":119},"14":{"name":"(anonymous_14)","decl":{"start":{"line":121,"column":20},"end":{"line":121,"column":21}},"loc":{"start":{"line":121,"column":34},"end":{"line":144,"column":3}},"line":121},"15":{"name":"(anonymous_15)","decl":{"start":{"line":124,"column":50},"end":{"line":124,"column":51}},"loc":{"start":{"line":124,"column":67},"end":{"line":127,"column":5}},"line":124},"16":{"name":"(anonymous_16)","decl":{"start":{"line":130,"column":33},"end":{"line":130,"column":34}},"loc":{"start":{"line":130,"column":49},"end":{"line":132,"column":5}},"line":130},"17":{"name":"(anonymous_17)","decl":{"start":{"line":134,"column":33},"end":{"line":134,"column":34}},"loc":{"start":{"line":134,"column":53},"end":{"line":143,"column":5}},"line":134},"18":{"name":"(anonymous_18)","decl":{"start":{"line":154,"column":165},"end":{"line":154,"column":166}},"loc":{"start":{"line":154,"column":176},"end":{"line":157,"column":1}},"line":154}},"branchMap":{"0":{"loc":{"start":{"line":23,"column":24},"end":{"line":23,"column":37}},"type":"binary-expr","locations":[{"start":{"line":23,"column":24},"end":{"line":23,"column":25}},{"start":{"line":23,"column":29},"end":{"line":23,"column":37}}],"line":23},"1":{"loc":{"start":{"line":27,"column":2},"end":{"line":33,"column":3}},"type":"if","locations":[{"start":{"line":27,"column":2},"end":{"line":33,"column":3}},{"start":{"line":27,"column":2},"end":{"line":33,"column":3}}],"line":27},"2":{"loc":{"start":{"line":29,"column":4},"end":{"line":31,"column":5}},"type":"if","locations":[{"start":{"line":29,"column":4},"end":{"line":31,"column":5}},{"start":{"line":29,"column":4},"end":{"line":31,"column":5}}],"line":29},"3":{"loc":{"start":{"line":29,"column":8},"end":{"line":29,"column":45}},"type":"binary-expr","locations":[{"start":{"line":29,"column":8},"end":{"line":29,"column":24}},{"start":{"line":29,"column":28},"end":{"line":29,"column":45}}],"line":29},"4":{"loc":{"start":{"line":30,"column":13},"end":{"line":30,"column":46}},"type":"cond-expr","locations":[{"start":{"line":30,"column":34},"end":{"line":30,"column":38}},{"start":{"line":30,"column":41},"end":{"line":30,"column":46}}],"line":30},"5":{"loc":{"start":{"line":38,"column":2},"end":{"line":40,"column":3}},"type":"if","locations":[{"start":{"line":38,"column":2},"end":{"line":40,"column":3}},{"start":{"line":38,"column":2},"end":{"line":40,"column":3}}],"line":38},"6":{"loc":{"start":{"line":45,"column":2},"end":{"line":47,"column":3}},"type":"if","locations":[{"start":{"line":45,"column":2},"end":{"line":47,"column":3}},{"start":{"line":45,"column":2},"end":{"line":47,"column":3}}],"line":45},"7":{"loc":{"start":{"line":54,"column":4},"end":{"line":57,"column":5}},"type":"if","locations":[{"start":{"line":54,"column":4},"end":{"line":57,"column":5}},{"start":{"line":54,"column":4},"end":{"line":57,"column":5}}],"line":54},"8":{"loc":{"start":{"line":77,"column":13},"end":{"line":77,"column":68}},"type":"binary-expr","locations":[{"start":{"line":77,"column":13},"end":{"line":77,"column":22}},{"start":{"line":77,"column":26},"end":{"line":77,"column":36}},{"start":{"line":77,"column":40},"end":{"line":77,"column":52}},{"start":{"line":77,"column":56},"end":{"line":77,"column":68}}],"line":77},"9":{"loc":{"start":{"line":80,"column":14},"end":{"line":80,"column":55}},"type":"cond-expr","locations":[{"start":{"line":80,"column":30},"end":{"line":80,"column":50}},{"start":{"line":80,"column":53},"end":{"line":80,"column":55}}],"line":80},"10":{"loc":{"start":{"line":80,"column":60},"end":{"line":80,"column":104}},"type":"cond-expr","locations":[{"start":{"line":80,"column":77},"end":{"line":80,"column":99}},{"start":{"line":80,"column":102},"end":{"line":80,"column":104}}],"line":80},"11":{"loc":{"start":{"line":80,"column":109},"end":{"line":80,"column":159}},"type":"cond-expr","locations":[{"start":{"line":80,"column":128},"end":{"line":80,"column":154}},{"start":{"line":80,"column":157},"end":{"line":80,"column":159}}],"line":80},"12":{"loc":{"start":{"line":92,"column":4},"end":{"line":95,"column":5}},"type":"if","locations":[{"start":{"line":92,"column":4},"end":{"line":95,"column":5}},{"start":{"line":92,"column":4},"end":{"line":95,"column":5}}],"line":92},"13":{"loc":{"start":{"line":107,"column":52},"end":{"line":107,"column":91}},"type":"cond-expr","locations":[{"start":{"line":107,"column":80},"end":{"line":107,"column":84}},{"start":{"line":107,"column":87},"end":{"line":107,"column":91}}],"line":107},"14":{"loc":{"start":{"line":125,"column":6},"end":{"line":125,"column":93}},"type":"if","locations":[{"start":{"line":125,"column":6},"end":{"line":125,"column":93}},{"start":{"line":125,"column":6},"end":{"line":125,"column":93}}],"line":125},"15":{"loc":{"start":{"line":135,"column":6},"end":{"line":137,"column":7}},"type":"if","locations":[{"start":{"line":135,"column":6},"end":{"line":137,"column":7}},{"start":{"line":135,"column":6},"end":{"line":137,"column":7}}],"line":135},"16":{"loc":{"start":{"line":140,"column":6},"end":{"line":142,"column":7}},"type":"if","locations":[{"start":{"line":140,"column":6},"end":{"line":142,"column":7}},{"start":{"line":140,"column":6},"end":{"line":142,"column":7}}],"line":140},"17":{"loc":{"start":{"line":149,"column":0},"end":{"line":151,"column":1}},"type":"if","locations":[{"start":{"line":149,"column":0},"end":{"line":151,"column":1}},{"start":{"line":149,"column":0},"end":{"line":151,"column":1}}],"line":149},"18":{"loc":{"start":{"line":154,"column":0},"end":{"line":157,"column":2}},"type":"binary-expr","locations":[{"start":{"line":154,"column":0},"end":{"line":154,"column":44}},{"start":{"line":154,"column":48},"end":{"line":157,"column":2}}],"line":154},"19":{"loc":{"start":{"line":154,"column":115},"end":{"line":154,"column":151}},"type":"cond-expr","locations":[{"start":{"line":154,"column":130},"end":{"line":154,"column":139}},{"start":{"line":154,"column":142},"end":{"line":154,"column":151}}],"line":154},"20":{"loc":{"start":{"line":160,"column":5},"end":{"line":160,"column":39}},"type":"binary-expr","locations":[{"start":{"line":160,"column":5},"end":{"line":160,"column":17}},{"start":{"line":160,"column":21},"end":{"line":160,"column":28}},{"start":{"line":160,"column":32},"end":{"line":160,"column":39}}],"line":160}},"s":{"0":0,"1":0,"2":0,"3":0,"4":0,"5":0,"6":0,"7":0,"8":0,"9":0,"10":0,"11":0,"12":0,"13":0,"14":0,"15":0,"16":0,"17":0,"18":0,"19":0,"20":0,"21":0,"22":0,"23":0,"24":0,"25":0,"26":0,"27":0,"28":0,"29":0,"30":0,"31":0,"32":0,"33":0,"34":0,"35":0,"36":0,"37":0,"38":0,"39":0,"40":0,"41":0,"42":0,"43":0,"44":0,"45":0,"46":0,"47":0,"48":0,"49":0,"50":0,"51":0,"52":0,"53":0,"54":0,"55":0,"56":0,"57":0,"58":0,"59":0,"60":0,"61":0,"62":0,"63":0,"64":0,"65":0,"66":0,"67":0,"68":0,"69":0,"70":0,"71":0,"72":0,"73":0,"74":0,"75":0,"76":0,"77":0,"78":0,"79":0,"80":0,"81":0,"82":0,"83":0,"84":0,"85":0,"86":0,"87":0,"88":0,"89":0,"90":0,"91":0,"92":0,"93":0},"f":{"0":0,"1":0,"2":0,"3":0,"4":0,"5":0,"6":0,"7":0,"8":0,"9":0,"10":0,"11":0,"12":0,"13":0,"14":0,"15":0,"16":0,"17":0,"18":0},"b":{"0":[0,0],"1":[0,0],"2":[0,0],"3":[0,0],"4":[0,0],"5":[0,0],"6":[0,0],"7":[0,0],"8":[0,0,0,0],"9":[0,0],"10":[0,0],"11":[0,0],"12":[0,0],"13":[0,0],"14":[0,0],"15":[0,0],"16":[0,0],"17":[0,0],"18":[0,0],"19":[0,0],"20":[0,0,0]},"all":true},"c:\\TANGJ15\\code\\userscripts\\crunchyroll-video-utilities\\crunchyroll-video-utilties.user.js":{"path":"c:\\TANGJ15\\code\\userscripts\\crunchyroll-video-utilities\\crunchyroll-video-utilties.user.js","statementMap":{"0":{"start":{"line":15,"column":12},"end":{"line":15,"column":19}},"1":{"start":{"line":16,"column":15},"end":{"line":16,"column":44}},"2":{"start":{"line":17,"column":12},"end":{"line":21,"column":1}},"3":{"start":{"line":24,"column":20},"end":{"line":24,"column":53}},"4":{"start":{"line":24,"column":26},"end":{"line":24,"column":53}},"5":{"start":{"line":26,"column":11},"end":{"line":26,"column":68}},"6":{"start":{"line":26,"column":21},"end":{"line":26,"column":68}},"7":{"start":{"line":27,"column":10},"end":{"line":27,"column":52}},"8":{"start":{"line":27,"column":20},"end":{"line":27,"column":52}},"9":{"start":{"line":29,"column":15},"end":{"line":37,"column":2}},"10":{"start":{"line":39,"column":10},"end":{"line":39,"column":23}},"11":{"start":{"line":41,"column":0},"end":{"line":44,"column":1}},"12":{"start":{"line":42,"column":2},"end":{"line":42,"column":14}},"13":{"start":{"line":43,"column":2},"end":{"line":43,"column":32}},"14":{"start":{"line":46,"column":10},"end":{"line":46,"column":54}},"15":{"start":{"line":46,"column":24},"end":{"line":46,"column":53}},"16":{"start":{"line":48,"column":19},"end":{"line":48,"column":24}},"17":{"start":{"line":50,"column":15},"end":{"line":97,"column":1}},"18":{"start":{"line":53,"column":6},"end":{"line":57,"column":28}},"19":{"start":{"line":56,"column":26},"end":{"line":56,"column":63}},"20":{"start":{"line":58,"column":4},"end":{"line":63,"column":5}},"21":{"start":{"line":60,"column":6},"end":{"line":60,"column":17}},"22":{"start":{"line":62,"column":6},"end":{"line":62,"column":51}},"23":{"start":{"line":66,"column":22},"end":{"line":66,"column":38}},"24":{"start":{"line":67,"column":4},"end":{"line":67,"column":51}},"25":{"start":{"line":67,"column":20},"end":{"line":67,"column":51}},"26":{"start":{"line":68,"column":4},"end":{"line":68,"column":32}},"27":{"start":{"line":69,"column":4},"end":{"line":69,"column":64}},"28":{"start":{"line":69,"column":23},"end":{"line":69,"column":64}},"29":{"start":{"line":70,"column":4},"end":{"line":79,"column":6}},"30":{"start":{"line":82,"column":4},"end":{"line":84,"column":14}},"31":{"start":{"line":85,"column":16},"end":{"line":85,"column":35}},"32":{"start":{"line":86,"column":15},"end":{"line":86,"column":99}},"33":{"start":{"line":86,"column":55},"end":{"line":86,"column":98}},"34":{"start":{"line":87,"column":26},"end":{"line":87,"column":98}},"35":{"start":{"line":87,"column":60},"end":{"line":87,"column":97}},"36":{"start":{"line":88,"column":29},"end":{"line":88,"column":49}},"37":{"start":{"line":90,"column":16},"end":{"line":90,"column":31}},"38":{"start":{"line":91,"column":4},"end":{"line":94,"column":5}},"39":{"start":{"line":92,"column":24},"end":{"line":92,"column":62}},"40":{"start":{"line":93,"column":6},"end":{"line":93,"column":43}},"41":{"start":{"line":93,"column":37},"end":{"line":93,"column":43}},"42":{"start":{"line":95,"column":4},"end":{"line":95,"column":15}},"43":{"start":{"line":99,"column":17},"end":{"line":106,"column":1}},"44":{"start":{"line":108,"column":18},"end":{"line":121,"column":10}},"45":{"start":{"line":109,"column":2},"end":{"line":121,"column":10}},"46":{"start":{"line":123,"column":22},"end":{"line":123,"column":70}},"47":{"start":{"line":129,"column":13},"end":{"line":129,"column":44}},"48":{"start":{"line":130,"column":0},"end":{"line":135,"column":1}},"49":{"start":{"line":133,"column":11},"end":{"line":133,"column":57}},"50":{"start":{"line":134,"column":11},"end":{"line":134,"column":77}},"51":{"start":{"line":137,"column":0},"end":{"line":154,"column":1}},"52":{"start":{"line":139,"column":2},"end":{"line":147,"column":4}},"53":{"start":{"line":143,"column":6},"end":{"line":144,"column":55}},"54":{"start":{"line":144,"column":8},"end":{"line":144,"column":55}},"55":{"start":{"line":145,"column":6},"end":{"line":145,"column":36}},"56":{"start":{"line":150,"column":2},"end":{"line":153,"column":3}},"57":{"start":{"line":152,"column":18},"end":{"line":152,"column":75}},"58":{"start":{"line":156,"column":0},"end":{"line":156,"column":76}}},"fnMap":{"0":{"name":"(anonymous_0)","decl":{"start":{"line":24,"column":20},"end":{"line":24,"column":21}},"loc":{"start":{"line":24,"column":26},"end":{"line":24,"column":53}},"line":24},"1":{"name":"(anonymous_1)","decl":{"start":{"line":26,"column":11},"end":{"line":26,"column":12}},"loc":{"start":{"line":26,"column":21},"end":{"line":26,"column":68}},"line":26},"2":{"name":"(anonymous_2)","decl":{"start":{"line":27,"column":10},"end":{"line":27,"column":11}},"loc":{"start":{"line":27,"column":20},"end":{"line":27,"column":52}},"line":27},"3":{"name":"(anonymous_3)","decl":{"start":{"line":41,"column":16},"end":{"line":41,"column":17}},"loc":{"start":{"line":41,"column":26},"end":{"line":44,"column":1}},"line":41},"4":{"name":"(anonymous_4)","decl":{"start":{"line":46,"column":10},"end":{"line":46,"column":11}},"loc":{"start":{"line":46,"column":24},"end":{"line":46,"column":53}},"line":46},"5":{"name":"(anonymous_5)","decl":{"start":{"line":51,"column":14},"end":{"line":51,"column":15}},"loc":{"start":{"line":51,"column":25},"end":{"line":64,"column":3}},"line":51},"6":{"name":"(anonymous_6)","decl":{"start":{"line":56,"column":18},"end":{"line":56,"column":19}},"loc":{"start":{"line":56,"column":26},"end":{"line":56,"column":63}},"line":56},"7":{"name":"(anonymous_7)","decl":{"start":{"line":65,"column":11},"end":{"line":65,"column":12}},"loc":{"start":{"line":65,"column":17},"end":{"line":80,"column":3}},"line":65},"8":{"name":"(anonymous_8)","decl":{"start":{"line":81,"column":10},"end":{"line":81,"column":11}},"loc":{"start":{"line":82,"column":4},"end":{"line":84,"column":14}},"line":82},"9":{"name":"(anonymous_9)","decl":{"start":{"line":85,"column":10},"end":{"line":85,"column":11}},"loc":{"start":{"line":85,"column":16},"end":{"line":85,"column":35}},"line":85},"10":{"name":"(anonymous_10)","decl":{"start":{"line":86,"column":8},"end":{"line":86,"column":9}},"loc":{"start":{"line":86,"column":15},"end":{"line":86,"column":99}},"line":86},"11":{"name":"(anonymous_11)","decl":{"start":{"line":86,"column":44},"end":{"line":86,"column":45}},"loc":{"start":{"line":86,"column":55},"end":{"line":86,"column":98}},"line":86},"12":{"name":"(anonymous_12)","decl":{"start":{"line":87,"column":12},"end":{"line":87,"column":13}},"loc":{"start":{"line":87,"column":26},"end":{"line":87,"column":98}},"line":87},"13":{"name":"(anonymous_13)","decl":{"start":{"line":87,"column":50},"end":{"line":87,"column":51}},"loc":{"start":{"line":87,"column":60},"end":{"line":87,"column":97}},"line":87},"14":{"name":"(anonymous_14)","decl":{"start":{"line":88,"column":14},"end":{"line":88,"column":15}},"loc":{"start":{"line":88,"column":29},"end":{"line":88,"column":49}},"line":88},"15":{"name":"(anonymous_15)","decl":{"start":{"line":89,"column":18},"end":{"line":89,"column":19}},"loc":{"start":{"line":89,"column":33},"end":{"line":96,"column":3}},"line":89},"16":{"name":"(anonymous_16)","decl":{"start":{"line":108,"column":18},"end":{"line":108,"column":19}},"loc":{"start":{"line":109,"column":2},"end":{"line":121,"column":10}},"line":109},"17":{"name":"(anonymous_17)","decl":{"start":{"line":133,"column":6},"end":{"line":133,"column":7}},"loc":{"start":{"line":133,"column":11},"end":{"line":133,"column":57}},"line":133},"18":{"name":"(anonymous_18)","decl":{"start":{"line":134,"column":6},"end":{"line":134,"column":7}},"loc":{"start":{"line":134,"column":11},"end":{"line":134,"column":77}},"line":134},"19":{"name":"(anonymous_19)","decl":{"start":{"line":142,"column":13},"end":{"line":142,"column":14}},"loc":{"start":{"line":142,"column":21},"end":{"line":146,"column":5}},"line":142},"20":{"name":"(anonymous_20)","decl":{"start":{"line":152,"column":4},"end":{"line":152,"column":5}},"loc":{"start":{"line":152,"column":18},"end":{"line":152,"column":75}},"line":152}},"branchMap":{"0":{"loc":{"start":{"line":26,"column":33},"end":{"line":26,"column":46}},"type":"binary-expr","locations":[{"start":{"line":26,"column":33},"end":{"line":26,"column":34}},{"start":{"line":26,"column":38},"end":{"line":26,"column":46}}],"line":26},"1":{"loc":{"start":{"line":27,"column":21},"end":{"line":27,"column":34}},"type":"binary-expr","locations":[{"start":{"line":27,"column":21},"end":{"line":27,"column":22}},{"start":{"line":27,"column":26},"end":{"line":27,"column":34}}],"line":27},"2":{"loc":{"start":{"line":53,"column":6},"end":{"line":57,"column":28}},"type":"cond-expr","locations":[{"start":{"line":54,"column":10},"end":{"line":56,"column":64}},{"start":{"line":57,"column":10},"end":{"line":57,"column":28}}],"line":53},"3":{"loc":{"start":{"line":58,"column":4},"end":{"line":63,"column":5}},"type":"if","locations":[{"start":{"line":58,"column":4},"end":{"line":63,"column":5}},{"start":{"line":58,"column":4},"end":{"line":63,"column":5}}],"line":58},"4":{"loc":{"start":{"line":67,"column":4},"end":{"line":67,"column":51}},"type":"if","locations":[{"start":{"line":67,"column":4},"end":{"line":67,"column":51}},{"start":{"line":67,"column":4},"end":{"line":67,"column":51}}],"line":67},"5":{"loc":{"start":{"line":69,"column":4},"end":{"line":69,"column":64}},"type":"if","locations":[{"start":{"line":69,"column":4},"end":{"line":69,"column":64}},{"start":{"line":69,"column":4},"end":{"line":69,"column":64}}],"line":69},"6":{"loc":{"start":{"line":81,"column":11},"end":{"line":81,"column":23}},"type":"default-arg","locations":[{"start":{"line":81,"column":18},"end":{"line":81,"column":23}}],"line":81},"7":{"loc":{"start":{"line":83,"column":21},"end":{"line":83,"column":75}},"type":"cond-expr","locations":[{"start":{"line":83,"column":28},"end":{"line":83,"column":52}},{"start":{"line":83,"column":55},"end":{"line":83,"column":75}}],"line":83},"8":{"loc":{"start":{"line":87,"column":13},"end":{"line":87,"column":21}},"type":"default-arg","locations":[{"start":{"line":87,"column":19},"end":{"line":87,"column":21}}],"line":87},"9":{"loc":{"start":{"line":88,"column":15},"end":{"line":88,"column":24}},"type":"default-arg","locations":[{"start":{"line":88,"column":21},"end":{"line":88,"column":24}}],"line":88},"10":{"loc":{"start":{"line":91,"column":4},"end":{"line":94,"column":5}},"type":"if","locations":[{"start":{"line":91,"column":4},"end":{"line":94,"column":5}},{"start":{"line":91,"column":4},"end":{"line":94,"column":5}}],"line":91},"11":{"loc":{"start":{"line":93,"column":6},"end":{"line":93,"column":43}},"type":"if","locations":[{"start":{"line":93,"column":6},"end":{"line":93,"column":43}},{"start":{"line":93,"column":6},"end":{"line":93,"column":43}}],"line":93},"12":{"loc":{"start":{"line":109,"column":2},"end":{"line":121,"column":10}},"type":"cond-expr","locations":[{"start":{"line":110,"column":6},"end":{"line":110,"column":21}},{"start":{"line":111,"column":6},"end":{"line":121,"column":10}}],"line":109},"13":{"loc":{"start":{"line":111,"column":6},"end":{"line":121,"column":10}},"type":"cond-expr","locations":[{"start":{"line":112,"column":6},"end":{"line":112,"column":21}},{"start":{"line":113,"column":6},"end":{"line":121,"column":10}}],"line":111},"14":{"loc":{"start":{"line":113,"column":6},"end":{"line":121,"column":10}},"type":"cond-expr","locations":[{"start":{"line":114,"column":6},"end":{"line":114,"column":25}},{"start":{"line":115,"column":6},"end":{"line":121,"column":10}}],"line":113},"15":{"loc":{"start":{"line":115,"column":6},"end":{"line":121,"column":10}},"type":"cond-expr","locations":[{"start":{"line":116,"column":6},"end":{"line":116,"column":23}},{"start":{"line":117,"column":6},"end":{"line":121,"column":10}}],"line":115},"16":{"loc":{"start":{"line":117,"column":6},"end":{"line":121,"column":10}},"type":"cond-expr","locations":[{"start":{"line":118,"column":6},"end":{"line":118,"column":22}},{"start":{"line":119,"column":6},"end":{"line":121,"column":10}}],"line":117},"17":{"loc":{"start":{"line":119,"column":6},"end":{"line":121,"column":10}},"type":"cond-expr","locations":[{"start":{"line":120,"column":6},"end":{"line":120,"column":32}},{"start":{"line":121,"column":6},"end":{"line":121,"column":10}}],"line":119},"18":{"loc":{"start":{"line":132,"column":2},"end":{"line":134,"column":77}},"type":"cond-expr","locations":[{"start":{"line":133,"column":6},"end":{"line":133,"column":57}},{"start":{"line":134,"column":6},"end":{"line":134,"column":77}}],"line":132},"19":{"loc":{"start":{"line":134,"column":11},"end":{"line":134,"column":77}},"type":"binary-expr","locations":[{"start":{"line":134,"column":11},"end":{"line":134,"column":57}},{"start":{"line":134,"column":61},"end":{"line":134,"column":77}}],"line":134},"20":{"loc":{"start":{"line":137,"column":0},"end":{"line":154,"column":1}},"type":"if","locations":[{"start":{"line":137,"column":0},"end":{"line":154,"column":1}},{"start":{"line":137,"column":0},"end":{"line":154,"column":1}}],"line":137},"21":{"loc":{"start":{"line":143,"column":6},"end":{"line":144,"column":55}},"type":"if","locations":[{"start":{"line":143,"column":6},"end":{"line":144,"column":55}},{"start":{"line":143,"column":6},"end":{"line":144,"column":55}}],"line":143},"22":{"loc":{"start":{"line":152,"column":18},"end":{"line":152,"column":75}},"type":"binary-expr","locations":[{"start":{"line":152,"column":18},"end":{"line":152,"column":38}},{"start":{"line":152,"column":42},"end":{"line":152,"column":75}}],"line":152}},"s":{"0":0,"1":0,"2":0,"3":0,"4":0,"5":0,"6":0,"7":0,"8":0,"9":0,"10":0,"11":0,"12":0,"13":0,"14":0,"15":0,"16":0,"17":0,"18":0,"19":0,"20":0,"21":0,"22":0,"23":0,"24":0,"25":0,"26":0,"27":0,"28":0,"29":0,"30":0,"31":0,"32":0,"33":0,"34":0,"35":0,"36":0,"37":0,"38":0,"39":0,"40":0,"41":0,"42":0,"43":0,"44":0,"45":0,"46":0,"47":0,"48":0,"49":0,"50":0,"51":0,"52":0,"53":0,"54":0,"55":0,"56":0,"57":0,"58":0},"f":{"0":0,"1":0,"2":0,"3":0,"4":0,"5":0,"6":0,"7":0,"8":0,"9":0,"10":0,"11":0,"12":0,"13":0,"14":0,"15":0,"16":0,"17":0,"18":0,"19":0,"20":0},"b":{"0":[0,0],"1":[0,0],"2":[0,0],"3":[0,0],"4":[0,0],"5":[0,0],"6":[0],"7":[0,0],"8":[0],"9":[0],"10":[0,0],"11":[0,0],"12":[0,0],"13":[0,0],"14":[0,0],"15":[0,0],"16":[0,0],"17":[0,0],"18":[0,0],"19":[0,0],"20":[0,0],"21":[0,0],"22":[0,0]},"all":true},"c:\\TANGJ15\\code\\userscripts\\findingteacheron51talk\\supperGM.user.js":{"path":"c:\\TANGJ15\\code\\userscripts\\findingteacheron51talk\\supperGM.user.js","statementMap":{"0":{"start":{"line":7,"column":0},"end":{"line":173,"column":5}},"1":{"start":{"line":8,"column":2},"end":{"line":10,"column":4}},"2":{"start":{"line":9,"column":4},"end":{"line":9,"column":44}},"3":{"start":{"line":11,"column":2},"end":{"line":13,"column":4}},"4":{"start":{"line":12,"column":4},"end":{"line":12,"column":42}},"5":{"start":{"line":14,"column":2},"end":{"line":16,"column":4}},"6":{"start":{"line":15,"column":4},"end":{"line":15,"column":34}},"7":{"start":{"line":17,"column":16},"end":{"line":172,"column":3}},"8":{"start":{"line":18,"column":26},"end":{"line":18,"column":45}},"9":{"start":{"line":19,"column":26},"end":{"line":19,"column":45}},"10":{"start":{"line":20,"column":25},"end":{"line":20,"column":37}},"11":{"start":{"line":21,"column":25},"end":{"line":21,"column":42}},"12":{"start":{"line":22,"column":30},"end":{"line":22,"column":32}},"13":{"start":{"line":23,"column":4},"end":{"line":23,"column":55}},"14":{"start":{"line":23,"column":40},"end":{"line":23,"column":53}},"15":{"start":{"line":24,"column":4},"end":{"line":28,"column":5}},"16":{"start":{"line":25,"column":6},"end":{"line":25,"column":31}},"17":{"start":{"line":27,"column":6},"end":{"line":27,"column":49}},"18":{"start":{"line":31,"column":6},"end":{"line":35,"column":7}},"19":{"start":{"line":32,"column":8},"end":{"line":32,"column":25}},"20":{"start":{"line":34,"column":8},"end":{"line":34,"column":29}},"21":{"start":{"line":38,"column":4},"end":{"line":40,"column":5}},"22":{"start":{"line":39,"column":6},"end":{"line":39,"column":81}},"23":{"start":{"line":41,"column":4},"end":{"line":43,"column":5}},"24":{"start":{"line":42,"column":6},"end":{"line":42,"column":81}},"25":{"start":{"line":44,"column":4},"end":{"line":46,"column":5}},"26":{"start":{"line":45,"column":6},"end":{"line":45,"column":78}},"27":{"start":{"line":47,"column":4},"end":{"line":49,"column":5}},"28":{"start":{"line":48,"column":6},"end":{"line":48,"column":90}},"29":{"start":{"line":50,"column":4},"end":{"line":104,"column":6}},"30":{"start":{"line":51,"column":6},"end":{"line":54,"column":7}},"31":{"start":{"line":52,"column":8},"end":{"line":52,"column":68}},"32":{"start":{"line":53,"column":8},"end":{"line":53,"column":15}},"33":{"start":{"line":55,"column":6},"end":{"line":57,"column":7}},"34":{"start":{"line":56,"column":8},"end":{"line":56,"column":87}},"35":{"start":{"line":58,"column":23},"end":{"line":58,"column":48}},"36":{"start":{"line":59,"column":6},"end":{"line":59,"column":39}},"37":{"start":{"line":60,"column":23},"end":{"line":60,"column":48}},"38":{"start":{"line":61,"column":6},"end":{"line":61,"column":52}},"39":{"start":{"line":62,"column":6},"end":{"line":64,"column":7}},"40":{"start":{"line":63,"column":8},"end":{"line":63,"column":30}},"41":{"start":{"line":65,"column":6},"end":{"line":103,"column":7}},"42":{"start":{"line":67,"column":10},"end":{"line":67,"column":71}},"43":{"start":{"line":68,"column":10},"end":{"line":68,"column":16}},"44":{"start":{"line":72,"column":10},"end":{"line":72,"column":41}},"45":{"start":{"line":73,"column":10},"end":{"line":73,"column":16}},"46":{"start":{"line":83,"column":10},"end":{"line":86,"column":11}},"47":{"start":{"line":84,"column":12},"end":{"line":84,"column":43}},"48":{"start":{"line":85,"column":12},"end":{"line":85,"column":18}},"49":{"start":{"line":91,"column":26},"end":{"line":91,"column":67}},"50":{"start":{"line":92,"column":12},"end":{"line":92,"column":42}},"51":{"start":{"line":93,"column":12},"end":{"line":93,"column":18}},"52":{"start":{"line":97,"column":26},"end":{"line":97,"column":62}},"53":{"start":{"line":98,"column":12},"end":{"line":98,"column":42}},"54":{"start":{"line":99,"column":12},"end":{"line":99,"column":18}},"55":{"start":{"line":101,"column":12},"end":{"line":101,"column":64}},"56":{"start":{"line":102,"column":12},"end":{"line":102,"column":18}},"57":{"start":{"line":105,"column":4},"end":{"line":158,"column":6}},"58":{"start":{"line":106,"column":6},"end":{"line":109,"column":7}},"59":{"start":{"line":107,"column":8},"end":{"line":107,"column":68}},"60":{"start":{"line":108,"column":8},"end":{"line":108,"column":15}},"61":{"start":{"line":110,"column":6},"end":{"line":112,"column":7}},"62":{"start":{"line":111,"column":8},"end":{"line":111,"column":87}},"63":{"start":{"line":113,"column":23},"end":{"line":113,"column":48}},"64":{"start":{"line":114,"column":25},"end":{"line":114,"column":48}},"65":{"start":{"line":115,"column":6},"end":{"line":128,"column":7}},"66":{"start":{"line":116,"column":8},"end":{"line":119,"column":9}},"67":{"start":{"line":117,"column":10},"end":{"line":117,"column":34}},"68":{"start":{"line":118,"column":10},"end":{"line":118,"column":37}},"69":{"start":{"line":120,"column":8},"end":{"line":127,"column":9}},"70":{"start":{"line":121,"column":25},"end":{"line":121,"column":39}},"71":{"start":{"line":122,"column":10},"end":{"line":122,"column":33}},"72":{"start":{"line":123,"column":10},"end":{"line":123,"column":26}},"73":{"start":{"line":125,"column":10},"end":{"line":125,"column":33}},"74":{"start":{"line":126,"column":10},"end":{"line":126,"column":30}},"75":{"start":{"line":129,"column":23},"end":{"line":129,"column":48}},"76":{"start":{"line":130,"column":19},"end":{"line":130,"column":42}},"77":{"start":{"line":131,"column":6},"end":{"line":136,"column":7}},"78":{"start":{"line":132,"column":8},"end":{"line":135,"column":9}},"79":{"start":{"line":133,"column":10},"end":{"line":133,"column":34}},"80":{"start":{"line":134,"column":10},"end":{"line":134,"column":37}},"81":{"start":{"line":138,"column":21},"end":{"line":138,"column":41}},"82":{"start":{"line":139,"column":6},"end":{"line":139,"column":41}},"83":{"start":{"line":139,"column":21},"end":{"line":139,"column":41}},"84":{"start":{"line":141,"column":6},"end":{"line":156,"column":7}},"85":{"start":{"line":143,"column":20},"end":{"line":143,"column":62}},"86":{"start":{"line":144,"column":16},"end":{"line":144,"column":37}},"87":{"start":{"line":145,"column":8},"end":{"line":148,"column":9}},"88":{"start":{"line":146,"column":10},"end":{"line":146,"column":38}},"89":{"start":{"line":147,"column":10},"end":{"line":147,"column":26}},"90":{"start":{"line":150,"column":20},"end":{"line":150,"column":72}},"91":{"start":{"line":151,"column":16},"end":{"line":151,"column":37}},"92":{"start":{"line":152,"column":8},"end":{"line":155,"column":9}},"93":{"start":{"line":153,"column":10},"end":{"line":153,"column":44}},"94":{"start":{"line":154,"column":10},"end":{"line":154,"column":26}},"95":{"start":{"line":157,"column":6},"end":{"line":157,"column":22}},"96":{"start":{"line":159,"column":4},"end":{"line":162,"column":6}},"97":{"start":{"line":160,"column":6},"end":{"line":160,"column":155}},"98":{"start":{"line":160,"column":47},"end":{"line":160,"column":155}},"99":{"start":{"line":161,"column":6},"end":{"line":161,"column":30}},"100":{"start":{"line":163,"column":4},"end":{"line":171,"column":6}},"101":{"start":{"line":164,"column":6},"end":{"line":164,"column":165}},"102":{"start":{"line":164,"column":47},"end":{"line":164,"column":165}},"103":{"start":{"line":165,"column":6},"end":{"line":165,"column":163}},"104":{"start
[...]
:114},"24":{"name":"(anonymous_24)","decl":{"start":{"line":118,"column":40},"end":{"line":118,"column":41}},"loc":{"start":{"line":118,"column":48},"end":{"line":118,"column":70}},"line":118},"25":{"name":"(anonymous_25)","decl":{"start":{"line":124,"column":35},"end":{"line":124,"column":36}},"loc":{"start":{"line":124,"column":42},"end":{"line":124,"column":61}},"line":124},"26":{"name":"(anonymous_26)","decl":{"start":{"line":124,"column":63},"end":{"line":124,"column":64}},"loc":{"start":{"line":124,"column":69},"end":{"line":129,"column":7}},"line":124},"27":{"name":"(anonymous_27)","decl":{"start":{"line":126,"column":52},"end":{"line":126,"column":53}},"loc":{"start":{"line":126,"column":60},"end":{"line":126,"column":107}},"line":126},"28":{"name":"(anonymous_28)","decl":{"start":{"line":127,"column":41},"end":{"line":127,"column":42}},"loc":{"start":{"line":127,"column":49},"end":{"line":127,"column":62}},"line":127}},"branchMap":{"0":{"loc":{"start":{"line":20,"column":26},"end":{"line":20,"column":45}},"type":"binary-expr","locations":[{"start":{"line":20,"column":26},"end":{"line":20,"column":33}},{"start":{"line":20,"column":37},"end":{"line":20,"column":45}}],"line":20},"1":{"loc":{"start":{"line":21,"column":38},"end":{"line":21,"column":57}},"type":"binary-expr","locations":[{"start":{"line":21,"column":38},"end":{"line":21,"column":45}},{"start":{"line":21,"column":49},"end":{"line":21,"column":57}}],"line":21},"2":{"loc":{"start":{"line":31,"column":51},"end":{"line":31,"column":142}},"type":"cond-expr","locations":[{"start":{"line":31,"column":95},"end":{"line":31,"column":111}},{"start":{"line":31,"column":114},"end":{"line":31,"column":142}}],"line":31},"3":{"loc":{"start":{"line":31,"column":51},"end":{"line":31,"column":92}},"type":"binary-expr","locations":[{"start":{"line":31,"column":51},"end":{"line":31,"column":76}},{"start":{"line":31,"column":80},"end":{"line":31,"column":92}}],"line":31},"4":{"loc":{"start":{"line":69,"column":107},"end":{"line":69,"column":128}},"type":"cond-expr","locations":[{"start":{"line":69,"column":116},"end":{"line":69,"column":123}},{"start":{"line":69,"column":126},"end":{"line":69,"column":128}}],"line":69},"5":{"loc":{"start":{"line":79,"column":11},"end":{"line":79,"column":21}},"type":"default-arg","locations":[{"start":{"line":79,"column":19},"end":{"line":79,"column":21}}],"line":79},"6":{"loc":{"start":{"line":81,"column":4},"end":{"line":81,"column":38}},"type":"if","locations":[{"start":{"line":81,"column":4},"end":{"line":81,"column":38}},{"start":{"line":81,"column":4},"end":{"line":81,"column":38}}],"line":81},"7":{"loc":{"start":{"line":85,"column":35},"end":{"line":85,"column":66}},"type":"binary-expr","locations":[{"start":{"line":85,"column":35},"end":{"line":85,"column":50}},{"start":{"line":85,"column":54},"end":{"line":85,"column":66}}],"line":85},"8":{"loc":{"start":{"line":86,"column":19},"end":{"line":86,"column":102}},"type":"binary-expr","locations":[{"start":{"line":86,"column":19},"end":{"line":86,"column":37}},{"start":{"line":86,"column":41},"end":{"line":86,"column":102}}],"line":86},"9":{"loc":{"start":{"line":86,"column":48},"end":{"line":86,"column":73}},"type":"cond-expr","locations":[{"start":{"line":86,"column":57},"end":{"line":86,"column":63}},{"start":{"line":86,"column":66},"end":{"line":86,"column":73}}],"line":86},"10":{"loc":{"start":{"line":87,"column":8},"end":{"line":87,"column":55}},"type":"if","locations":[{"start":{"line":87,"column":8},"end":{"line":87,"column":55}},{"start":{"line":87,"column":8},"end":{"line":87,"column":55}}],"line":87},"11":{"loc":{"start":{"line":87,"column":11},"end":{"line":87,"column":40}},"type":"binary-expr","locations":[{"start":{"line":87,"column":11},"end":{"line":87,"column":17}},{"start":{"line":87,"column":21},"end":{"line":87,"column":40}}],"line":87},"12":{"loc":{"start":{"line":88,"column":34},"end":{"line":88,"column":52}},"type":"cond-expr","locations":[{"start":{"line":88,"column":41},"end":{"line":88,"column":47}},{"start":{"line":88,"column":50},"end":{"line":88,"column":52}}],"line":88},"13":{"loc":{"start":{"line":116,"column":10},"end":{"line":116,"column":30}},"type":"if","locations":[{"start":{"line":116,"column":10},"end":{"line":116,"column":30}},{"start":{"line":116,"column":10},"end":{"line":116,"column":30}}],"line":116},"14":{"loc":{"start":{"line":119,"column":10},"end":{"line":119,"column":100}},"type":"if","locations":[{"start":{"line":119,"column":10},"end":{"line":119,"column":100}},{"start":{"line":119,"column":10},"end":{"line":119,"column":100}}],"line":119},"15":{"loc":{"start":{"line":121,"column":10},"end":{"line":121,"column":51}},"type":"if","locations":[{"start":{"line":121,"column":10},"end":{"line":121,"column":51}},{"start":{"line":121,"column":10},"end":{"line":121,"column":51}}],"line":121},"16":{"loc":{"start":{"line":121,"column":13},"end":{"line":121,"column":39}},"type":"binary-expr","locations":[{"start":{"line":121,"column":13},"end":{"line":121,"column":28}},{"start":{"line":121,"column":32},"end":{"line":121,"column":39}}],"line":121},"17":{"loc":{"start":{"line":126,"column":60},"end":{"line":126,"column":107}},"type":"binary-expr","locations":[{"start":{"line":126,"column":60},"end":{"line":126,"column":69}},{"start":{"line":126,"column":73},"end":{"line":126,"column":84}},{"start":{"line":126,"column":88},"end":{"line":126,"column":107}}],"line":126}},"s":{"0":0,"1":0,"2":0,"3":0,"4":0,"5":0,"6":0,"7":0,"8":0,"9":0,"10":0,"11":0,"12":0,"13":0,"14":0,"15":0,"16":0,"17":0,"18":0,"19":0,"20":0,"21":0,"22":0,"23":0,"24":0,"25":0,"26":0,"27":0,"28":0,"29":0,"30":0,"31":0,"32":0,"33":0,"34":0,"35":0,"36":0,"37":0,"38":0,"39":0,"40":0,"41":0,"42":0,"43":0,"44":0,"45":0,"46":0,"47":0,"48":0,"49":0,"50":0,"51":0,"52":0,"53":0,"54":0,"55":0,"56":0,"57":0,"58":0,"59":0,"60":0,"61":0,"62":0,"63":0,"64":0,"65":0,"66":0,"67":0,"68":0,"69":0,"70":0,"71":0,"72":0,"73":0,"74":0,"75":0,"76":0},"f":{"0":0,"1":0,"2":0,"3":0,"4":0,"5":0,"6":0,"7":0,"8":0,"9":0,"10":0,"11":0,"12":0,"13":0,"14":0,"15":0,"16":0,"17":0,"18":0,"19":0,"20":0,"21":0,"22":0,"23":0,"24":0,"25":0,"26":0,"27":0,"28":0},"b":{"0":[0,0],"1":[0,0],"2":[0,0],"3":[0,0],"4":[0,0],"5":[0],"6":[0,0],"7":[0,0],"8":[0,0],"9":[0,0],"10":[0,0],"11":[0,0],"12":[0,0],"13":[0,0],"14":[0,0],"15":[0,0],"16":[0,0],"17":[0,0,0]},"all":true},"c:\\TANGJ15\\code\\userscripts\\youtube-playlist-time\\youtube-playlist-time.user.js":{"path":"c:\\TANGJ15\\code\\userscripts\\youtube-playlist-time\\youtube-playlist-time.user.js","statementMap":{"0":{"start":{"line":12,"column":18},"end":{"line":12,"column":41}},"1":{"start":{"line":13,"column":22},"end":{"line":13,"column":30}},"2":{"start":{"line":14,"column":25},"end":{"line":14,"column":95}},"3":{"start":{"line":15,"column":12},"end":{"line":15,"column":27}},"4":{"start":{"line":16,"column":14},"end":{"line":16,"column":35}},"5":{"start":{"line":17,"column":15},"end":{"line":17,"column":71}},"6":{"start":{"line":19,"column":11},"end":{"line":53,"column":1}},"7":{"start":{"line":21,"column":15},"end":{"line":21,"column":39}},"8":{"start":{"line":22,"column":4},"end":{"line":22,"column":80}},"9":{"start":{"line":23,"column":4},"end":{"line":23,"column":37}},"10":{"start":{"line":26,"column":4},"end":{"line":26,"column":54}},"11":{"start":{"line":29,"column":4},"end":{"line":29,"column":72}},"12":{"start":{"line":32,"column":4},"end":{"line":34,"column":7}},"13":{"start":{"line":33,"column":6},"end":{"line":33,"column":46}},"14":{"start":{"line":37,"column":4},"end":{"line":39,"column":7}},"15":{"start":{"line":38,"column":6},"end":{"line":38,"column":49}},"16":{"start":{"line":42,"column":15},"end":{"line":42,"column":20}},"17":{"start":{"line":43,"column":4},"end":{"line":51,"column":6}},"18":{"start":{"line":44,"column":6},"end":{"line":50,"column":7}},"19":{"start":{"line":45,"column":8},"end":{"line":45,"column":40}},"20":{"start":{"line":46,"column":8},"end":{"line":46,"column":20}},"21":{"start":{"line":47,"column":8},"end":{"line":49,"column":18}},"22":{"start":{"line":48,"column":10},"end":{"line":48,"column":23}},"23":{"start":{"line":56,"column":21},"end":{"line":70,"column":1}},"24":{"start":{"line":57,"column":2},"end":{"line":69,"column":8}},"25":{"start":{"line":58,"column":4},"end":{"line":58,"column":28}},"26":{"start":{"line":59,"column":4},"end":{"line":68,"column":5}},"27":{"start":{"line":61,"column":8},"end":{"line":61,"column":26}},"28":{"start":{"line":63,"column":8},"end":{"line":63,"column":31}},"29":{"start":{"line":65,"column":8},"end":{"line":65,"column":36}},"30":{"start":{"line":67,"column":8},"end":{"line":67,"column":17}},"31":{"start":{"line":73,"column":14},"end":{"line":75,"column":1}},"32":{"start":{"line":74,"column":2},"end":{"line":74,"column":32}},"33":{"start":{"line":78,"column":14},"end":{"line":85,"column":1}},"34":{"start":{"line":79,"column":12},"end":{"line":79,"column":24}},"35":{"start":{"line":80,"column":14},"end":{"line":80,"column":43}},"36":{"start":{"line":81,"column":2},"end":{"line":81,"column":32}},"37":{"start":{"line":82,"column":16},"end":{"line":82,"column":40}},"38":{"start":{"line":83,"column":2},"end":{"line":83,"column":25}},"39":{"start":{"line":84,"column":2},"end":{"line":84,"column":153}},"40":{"start":{"line":87,"column":17},"end":{"line":95,"column":1}},"41":{"start":{"line":88,"column":12},"end":{"line":88,"column":31}},"42":{"start":{"line":89,"column":2},"end":{"line":93,"column":3}},"43":{"start":{"line":90,"column":4},"end":{"line":90,"column":79}},"44":{"start":{"line":91,"column":4},"end":{"line":91,"column":19}},"45":{"start":{"line":92,"column":4},"end":{"line":92,"column":29}},"46":{"start":{"line":94,"column":2},"end":{"line":94,"column":13}},"47":{"start":{"line":97,"column":20},"end":{"line":99,"column":1}},"48":{"start":{"line":98,"column":2},"end":{"line":98,"column":31}},"49":{"start":{"line":101,"column":17},"end":{"line":101,"column":18}},"50":{"start":{"line":102,"column":20},"end":{"line":110,"column":1}},"51":{"start":{"line":103,"column":19},"end":{"line":103,"column":46}},"52":{"start":{"line":104,"column":2},"end":{"line":104,"column":75}},"53":{"start":{"line":104,"column":68},"end":{"line":104,"column":75}},"54":{"start":{"line":105,"column":2},"end":{"line":105,"column":33}},"55":{"start":{"line":106,"column":21},"end":{"line":108,"column":7}},"56":{"start":{"line":107,"column":4},"end":{"line":107,"column":57}},"57":{"start":{"line":109,"column":2},"end":{"line":109,"column":24}},"58":{"start":{"line":112,"column":13},"end":{"line":114,"column":1}},"59":{"start":{"line":116,"column":0},"end":{"line":116,"column":42}},"60":{"start":{"line":118,"column":0},"end":{"line":143,"column":3}},"61":{"start":{"line":119,"column":20},"end":{"line":119,"column":33}},"62":{"start":{"line":121,"column":16},"end":{"line":121,"column":17}},"63":{"start":{"line":122,"column":2},"end":{"line":122,"column":65}},"64":{"start":{"line":123,"column":2},"end":{"line":142,"column":5}},"65":{"start":{"line":127,"column":6},"end":{"line":127,"column":24}},"66":{"start":{"line":128,"column":6},"end":{"line":128,"column":57}},"67":{"start":{"line":129,"column":6},"end":{"line":140,"column":14}},"68":{"start":{"line":130,"column":8},"end":{"line":130,"column":37}},"69":{"start":{"line":131,"column":8},"end":{"line":131,"column":28}},"70":{"start":{"line":132,"column":9},"end":{"line":139,"column":18}},"71":{"start":{"line":133,"column":11},"end":{"line":133,"column":38}},"72":{"start":{"line":135,"column":11},"end":{"line":135,"column":60}},"73":{"start":{"line":136,"column":11},"end":{"line":136,"column":42}},"74":{"start":{"line":137,"column":21},"end":{"line":137,"column":33}},"75":{"start":{"line":138,"column":11},"end":{"line":138,"column":32}},"76":{"start":{"line":138,"column":19},"end":{"line":138,"column":32}}},"fnMap":{"0":{"name":"(anonymous_0)","decl":{"start":{"line":20,"column":7},"end":{"line":20,"column":8}},"loc":{"start":{"line":20,"column":19},"end":{"line":24,"column":3}},"line":20},"1":{"name":"(anonymous_1)","decl":{"start":{"line":25,"column":5},"end":{"line":25,"column":6}},"loc":{"start":{"line":25,"column":30},"end":{"line":27,"column":3}},"line":25},"2":{"name":"(anonymous_2)","decl":{"start":{"line":28,"column":6},"end":{"line":28,"column":7}},"loc":{"start":{"line":28,"column":31},"end":{"line":30,"column":3}},"line":28},"3":{"name":"(anonymous_3)","decl":{"start":{"line":31,"column":11},"end":{"line":31,"column":12}},"loc":{"start":{"line":31,"column":36},"end":{"line":35,"column":3}},"line":31},"4":{"name":"(anonymous_4)","decl":{"start":{"line":32,"column":19},"end":{"line":32,"column":20}},"loc":{"start":{"line":32,"column":33},"end":{"line":34,"column":5}},"line":32},"5":{"name":"(anonymous_5)","decl":{"start":{"line":36,"column":13},"end":{"line":36,"column":14}},"loc":{"start":{"line":36,"column":38},"end":{"line":40,"column":3}},"line":36},"6":{"name":"(anonymous_6)","decl":{"start":{"line":37,"column":19},"end":{"line":37,"column":20}},"loc":{"start":{"line":37,"column":33},"end":{"line":39,"column":5}},"line":37},"7":{"name":"(anonymous_7)","decl":{"start":{"line":41,"column":12},"end":{"line":41,"column":13}},"loc":{"start":{"line":41,"column":38},"end":{"line":52,"column":3}},"line":41},"8":{"name":"(anonymous_8)","decl":{"start":{"line":43,"column":11},"end":{"line":43,"column":12}},"loc":{"start":{"line":43,"column":22},"end":{"line":51,"column":5}},"line":43},"9":{"name":"(anonymous_9)","decl":{"start":{"line":47,"column":19},"end":{"line":47,"column":20}},"loc":{"start":{"line":47,"column":30},"end":{"line":49,"column":9}},"line":47},"10":{"name":"(anonymous_10)","decl":{"start":{"line":56,"column":21},"end":{"line":56,"column":22}},"loc":{"start":{"line":56,"column":35},"end":{"line":70,"column":1}},"line":56},"11":{"name":"(anonymous_11)","decl":{"start":{"line":57,"column":41},"end":{"line":57,"column":42}},"loc":{"start":{"line":57,"column":66},"end":{"line":69,"column":3}},"line":57},"12":{"name":"(anonymous_12)","decl":{"start":{"line":73,"column":14},"end":{"line":73,"column":15}},"loc":{"start":{"line":73,"column":29},"end":{"line":75,"column":1}},"line":73},"13":{"name":"(anonymous_13)","decl":{"start":{"line":78,"column":14},"end":{"line":78,"column":15}},"loc":{"start":{"line":78,"column":32},"end":{"line":85,"column":1}},"line":78},"14":{"name":"(anonymous_14)","decl":{"start":{"line":87,"column":17},"end":{"line":87,"column":18}},"loc":{"start":{"line":87,"column":28},"end":{"line":95,"column":1}},"line":87},"15":{"name":"(anonymous_15)","decl":{"start":{"line":97,"column":20},"end":{"line":97,"column":21}},"loc":{"start":{"line":97,"column":31},"end":{"line":99,"column":1}},"line":97},"16":{"name":"(anonymous_16)","decl":{"start":{"line":102,"column":20},"end":{"line":102,"column":21}},"loc":{"start":{"line":102,"column":36},"end":{"line":110,"column":1}},"line":102},"17":{"name":"(anonymous_17)","decl":{"start":{"line":106,"column":39},"end":{"line":106,"column":40}},"loc":{"start":{"line":106,"column":59},"end":{"line":108,"column":3}},"line":106},"18":{"name":"(anonymous_18)","decl":{"start":{"line":118,"column":62},"end":{"line":118,"column":63}},"loc":{"start":{"line":118,"column":73},"end":{"line":143,"column":1}},"line":118},"19":{"name":"(anonymous_19)","decl":{"start":{"line":126,"column":13},"end":{"line":126,"column":14}},"loc":{"start":{"line":126,"column":30},"end":{"line":141,"column":5}},"line":126},"20":{"name":"(anonymous_20)","decl":{"start":{"line":129,"column":23},"end":{"line":129,"column":24}},"loc":{"start":{"line":129,"column":34},"end":{"line":140,"column":7}},"line":129},"21":{"name":"(anonymous_21)","decl":{"start":{"line":132,"column":32},"end":{"line":132,"column":33}},"loc":{"start":{"line":132,"column":46},"end":{"line":134,"column":10}},"line":132},"22":{"name":"(anonymous_22)","decl":{"start":{"line":134,"column":12},"end":{"line":134,"column":13}},"loc":{"start":{"line":134,"column":23},"end":{"line":139,"column":10}},"line":134}},"branchMap":{"0":{"loc":{"start":{"line":26,"column":12},"end":{"line":26,"column":31}},"type":"binary-expr","locations":[{"start":{"line":26,"column":12},"end":{"line":26,"column":19}},{"start":{"line":26,"column":23},"end":{"line":26,"column":31}}],"line":26},"1":{"loc":{"start":{"line":29,"column":26},"end":{"line":29,"column":45}},"type":"binary-expr","locations":[{"start":{"line":29,"column":26},"end":{"line":29,"column":33}},{"start":{"line":29,"column":37},"end":{"line":29,"column":45}}],"line":29},"2":{"loc":{"start":{"line":44,"column":6},"end":{"line":50,"column":7}},"type":"if","locations":[{"start":{"line":44,"column":6},"end":{"line":50,"column":7}},{"start":{"line":44,"column":6},"end":{"line":50,"column":7}}],"line":44},"3":{"loc":{"start":{"line":59,"column":4},"end":{"line":68,"column":5}},"type":"switch","locations":[{"start":{"line":60,"column":6},"end":{"line":61,"column":26}},{"start":{"line":62,"column":6},"end":{"line":63,"column":31}},{"start":{"line":64,"column":6},"end":{"line":65,"column":36}},{"start":{"line":66,"column":6},"end":{"line":67,"column":17}}],"line":59},"4":{"loc":{"start":{"line":84,"column":20},"end":{"line":84,"column":54}},"type":"binary-expr","locations":[{"start":{"line":84,"column":21},"end":{"line":84,"column":26}},{"start":{"line":84,"column":30},"end":{"line":84,"column":32}},{"start":{"line":84,"column":37},"end":{"line":84,"column":54}}],"line":84},"5":{"loc":{"start":{"line":84,"column":59},"end":{"line":84,"column":99}},"type":"binary-expr","locations":[{"start":{"line":84,"column":60},"end":{"line":84,"column":67}},{"start":{"line":84,"column":71},"end":{"line":84,"column":73}},{"start":{"line":84,"column":78},"end":{"line":84,"column":99}}],"line":84},"6":{"loc":{"start":{"line":84,"column":104},"end":{"line":84,"column":143}},"type":"binary-expr","locations":[{"start":{"line":84,"column":105},"end":{"line":84,"column":112}},{"start":{"line":84,"column":116},"end":{"line":84,"column":118}},{"start":{"line":84,"column":123},"end":{"line":84,"column":143}}],"line":84},"7":{"loc":{"start":{"line":89,"column":2},"end":{"line":93,"column":3}},"type":"if","locations":[{"start":{"line":89,"column":2},"end":{"line":93,"column":3}},{"start":{"line":89,"column":2},"end":{"line":93,"column":3}}],"line":89},"8":{"loc":{"start":{"line":104,"column":2},"end":{"line":104,"column":75}},"type":"if","locations":[{"start":{"line":104,"column":2},"end":{"line":104,"column":75}},{"start":{"line":104,"column":2},"end":{"line":104,"column":75}}],"line":104},"9":{"loc":{"start":{"line":104,"column":5},"end":{"line":104,"column":66}},"type":"binary-expr","locations":[{"start":{"line":104,"column":5},"end":{"line":104,"column":11}},{"start":{"line":104,"column":15},"end":{"line":104,"column":47}},{"start":{"line":104,"column":51},"end":{"line":104,"column":66}}],"line":104},"10":{"loc":{"start":{"line":138,"column":11},"end":{"line":138,"column":32}},"type":"if","locations":[{"start":{"line":138,"column":11},"end":{"line":138,"column":32}},{"start":{"line":138,"column":11},"end":{"line":138,"column":32}}],"line":138}},"s":{"0":0,"1":0,"2":0,"3":0,"4":0,"5":0,"6":0,"7":0,"8":0,"9":0,"10":0,"11":0,"12":0,"13":0,"14":0,"15":0,"16":0,"17":0,"18":0,"19":0,"20":0,"21":0,"22":0,"23":0,"24":0,"25":0,"26":0,"27":0,"28":0,"29":0,"30":0,"31":0,"32":0,"33":0,"34":0,"35":0,"36":0,"37":0,"38":0,"39":0,"40":0,"41":0,"42":0,"43":0,"44":0,"45":0,"46":0,"47":0,"48":0,"49":0,"50":0,"51":0,"52":0,"53":0,"54":0,"55":0,"56":0,"57":0,"58":0,"59":0,"60":0,"61":0,"62":0,"63":0,"64":0,"65":0,"66":0,"67":0,"68":0,"69":0,"70":0,"71":0,"72":0,"73":0,"74":0,"75":0,"76":0},"f":{"0":0,"1":0,"2":0,"3":0,"4":0,"5":0,"6":0,"7":0,"8":0,"9":0,"10":0,"11":0,"12":0,"13":0,"14":0,"15":0,"16":0,"17":0,"18":0,"19":0,"20":0,"21":0,"22":0},"b":{"0":[0,0],"1":[0,0],"2":[0,0],"3":[0,0,0,0],"4":[0,0,0],"5":[0,0,0],"6":[0,0,0],"7":[0,0],"8":[0,0],"9":[0,0,0],"10":[0,0]},"all":true}}